java -jar ../jars/voltdb-chargingdemo-client.jar localhost 100000 0 6 TRANSACTIONS 10 180 10 100000 5
2020-10-28 15:39:02:Parameters:[localhost, 100000, 0, 6, TRANSACTIONS, 10, 180, 10, 100000, 5]
2020-10-28 15:39:02:Logging into VoltDB
2020-10-28 15:39:02:Connect to localhost...
2020-10-28 15:39:03:Transaction 1
2020-10-28 15:39:03:Query user #42...
2020-10-28 15:39:03:
USERID  USER_JSON_OBJECT  USER_LAST_SEEN              USER_SOFTLOCK_SESSIONID  USER_SOFTLOCK_EXPIRY 
------- ----------------- --------------------------- ------------------------ ---------------------
     42 { "payload":"" }  2020-10-28 15:22:57.617000                      NULL NULL                 

2020-10-28 15:39:03:
USERID  TRAN_COUNT  BALANCE 
------- ----------- --------
     42          18   101158

2020-10-28 15:39:03:
USERID  PRODUCTID  ALLOCATED_UNITS  SESSIONID  LASTDATE 
------- ---------- ---------------- ---------- ---------

2020-10-28 15:39:03:
USER_TXN_ID  TXN_TIME                    PRODUCTID  AMOUNT 
------------ --------------------------- ---------- -------
Create_42    2020-10-28 15:22:57.625000        NULL  100000

2020-10-28 15:39:03:
USERID  BALANCE 
------- --------

2020-10-28 15:39:03:Show amount of credit currently reserved for products...
2020-10-28 15:39:03:
PRODUCTID  PRODUCTNAME   ALLOCATED_UNITS  VALUE_AT_RISK 
---------- ------------- ---------------- --------------
         0 Our Web Site                56              0

2020-10-28 15:39:03:Show total credit held by system...
2020-10-28 15:39:03:
BALANCE     
------------
 97429690019

2020-10-28 15:39:13:Query user #42...
2020-10-28 15:39:13:
USERID  USER_JSON_OBJECT  USER_LAST_SEEN              USER_SOFTLOCK_SESSIONID  USER_SOFTLOCK_EXPIRY 
------- ----------------- --------------------------- ------------------------ ---------------------
     42 { "payload":"" }  2020-10-28 15:22:57.617000                      NULL NULL                 

2020-10-28 15:39:13:
USERID  TRAN_COUNT  BALANCE 
------- ----------- --------
     42          19   101128

2020-10-28 15:39:13:
USERID  PRODUCTID  ALLOCATED_UNITS  SESSIONID            LASTDATE                   
------- ---------- ---------------- -------------------- ---------------------------
     42          1               63                   71 2020-10-28 15:39:10.773000 
     42          1               71  3395322225618862083 2020-10-28 15:39:10.312000 

2020-10-28 15:39:13:
USER_TXN_ID                    TXN_TIME                    PRODUCTID  AMOUNT 
------------------------------ --------------------------- ---------- -------
Create_42                      2020-10-28 15:22:57.625000        NULL  100000
ReportQuotaUsage_1_45300_0_1   2020-10-28 15:39:10.312000           1       0
ReportQuotaUsage_2_48052_30_1  2020-10-28 15:39:10.773000           1     -30

2020-10-28 15:39:13:
USERID  BALANCE 
------- --------
     42   100994

2020-10-28 15:39:13:Show amount of credit currently reserved for products...
2020-10-28 15:39:13:
PRODUCTID  PRODUCTNAME                     ALLOCATED_UNITS  VALUE_AT_RISK 
---------- ------------------------------- ---------------- --------------
         0 Our Web Site                              921490              0
         1 SMS messages                              907038         907038
         2 Domestic Internet Access per GB           904981       18099620
         3 Roaming Internet Access per GB            898804      307390968
         4 Domestic calls per minute                 916389        2749167

2020-10-28 15:39:13:Show total credit held by system...
2020-10-28 15:39:13:
BALANCE     
------------
 97423600784

2020-10-28 15:39:19:Transaction 100001
2020-10-28 15:39:23:Query user #42...
2020-10-28 15:39:23:
USERID  USER_JSON_OBJECT  USER_LAST_SEEN              USER_SOFTLOCK_SESSIONID  USER_SOFTLOCK_EXPIRY 
------- ----------------- --------------------------- ------------------------ ---------------------
     42 { "payload":"" }  2020-10-28 15:22:57.617000                      NULL NULL                 

2020-10-28 15:39:23:
USERID  TRAN_COUNT  BALANCE 
------- ----------- --------
     42          19   101128

2020-10-28 15:39:23:
USERID  PRODUCTID  ALLOCATED_UNITS  SESSIONID            LASTDATE                   
------- ---------- ---------------- -------------------- ---------------------------
     42          1               63                   71 2020-10-28 15:39:10.773000 
     42          1               71  3395322225618862083 2020-10-28 15:39:10.312000 

2020-10-28 15:39:23:
USER_TXN_ID                    TXN_TIME                    PRODUCTID  AMOUNT 
------------------------------ --------------------------- ---------- -------
Create_42                      2020-10-28 15:22:57.625000        NULL  100000
ReportQuotaUsage_1_45300_0_1   2020-10-28 15:39:10.312000           1       0
ReportQuotaUsage_2_48052_30_1  2020-10-28 15:39:10.773000           1     -30

2020-10-28 15:39:23:
USERID  BALANCE 
------- --------
     42   100994

2020-10-28 15:39:23:Show amount of credit currently reserved for products...
2020-10-28 15:39:23:
PRODUCTID  PRODUCTNAME                     ALLOCATED_UNITS  VALUE_AT_RISK 
---------- ------------------------------- ---------------- --------------
         0 Our Web Site                             1827174              0
         1 SMS messages                             1833270        1833270
         2 Domestic Internet Access per GB          1825498       36509960
         3 Roaming Internet Access per GB           1801545      616128390
         4 Domestic calls per minute                1828935        5486805

2020-10-28 15:39:23:Show total credit held by system...
2020-10-28 15:39:23:
BALANCE     
------------
 97405812667

2020-10-28 15:39:33:Query user #42...
2020-10-28 15:39:33:
USERID  USER_JSON_OBJECT  USER_LAST_SEEN              USER_SOFTLOCK_SESSIONID  USER_SOFTLOCK_EXPIRY 
------- ----------------- --------------------------- ------------------------ ---------------------
     42 { "payload":"" }  2020-10-28 15:22:57.617000                      NULL NULL                 

2020-10-28 15:39:33:
USERID  TRAN_COUNT  BALANCE 
------- ----------- --------
     42          19   101128

2020-10-28 15:39:33:
USERID  PRODUCTID  ALLOCATED_UNITS  SESSIONID            LASTDATE                   
------- ---------- ---------------- -------------------- ---------------------------
     42          1               63                   71 2020-10-28 15:39:10.773000 
     42          1               71  3395322225618862083 2020-10-28 15:39:10.312000 

2020-10-28 15:39:33:
USER_TXN_ID                    TXN_TIME                    PRODUCTID  AMOUNT 
------------------------------ --------------------------- ---------- -------
Create_42                      2020-10-28 15:22:57.625000        NULL  100000
ReportQuotaUsage_1_45300_0_1   2020-10-28 15:39:10.312000           1       0
ReportQuotaUsage_2_48052_30_1  2020-10-28 15:39:10.773000           1     -30

2020-10-28 15:39:33:
USERID  BALANCE 
------- --------
     42   100994

2020-10-28 15:39:33:Show amount of credit currently reserved for products...
2020-10-28 15:39:33:
PRODUCTID  PRODUCTNAME                     ALLOCATED_UNITS  VALUE_AT_RISK 
---------- ------------------------------- ---------------- --------------
         0 Our Web Site                             2758082              0
         1 SMS messages                             2749177        2749177
         2 Domestic Internet Access per GB          2733138       54662760
         3 Roaming Internet Access per GB           2694569      921542598
         4 Domestic calls per minute                2742775        8228325

2020-10-28 15:39:33:Show total credit held by system...
2020-10-28 15:39:33:
BALANCE     
------------
 97379127654

2020-10-28 15:39:34:Transaction 200001
2020-10-28 15:39:43:Query user #42...
2020-10-28 15:39:43:
USERID  USER_JSON_OBJECT  USER_LAST_SEEN              USER_SOFTLOCK_SESSIONID  USER_SOFTLOCK_EXPIRY 
------- ----------------- --------------------------- ------------------------ ---------------------
     42 { "payload":"" }  2020-10-28 15:22:57.617000                      NULL NULL                 

2020-10-28 15:39:43:
USERID  TRAN_COUNT  BALANCE 
------- ----------- --------
     42          20   101080

2020-10-28 15:39:43:
USERID  PRODUCTID  ALLOCATED_UNITS  SESSIONID            LASTDATE                   
------- ---------- ---------------- -------------------- ---------------------------
     42          0               64  3395322465398833155 2020-10-28 15:39:38.896000 
     42          1               84                   63 2020-10-28 15:39:37.481000 
     42          1               63                   71 2020-10-28 15:39:10.773000 
     42          1               71  3395322225618862083 2020-10-28 15:39:10.312000 

2020-10-28 15:39:43:
USER_TXN_ID                     TXN_TIME                    PRODUCTID  AMOUNT 
------------------------------- --------------------------- ---------- -------
Create_42                       2020-10-28 15:22:57.625000        NULL  100000
ReportQuotaUsage_1_45300_0_1    2020-10-28 15:39:10.312000           1       0
ReportQuotaUsage_2_48052_30_1   2020-10-28 15:39:10.773000           1     -30
ReportQuotaUsage_3_219553_48_1  2020-10-28 15:39:37.481000           1     -48
ReportQuotaUsage_4_228706_0_0   2020-10-28 15:39:38.896000           0       0

2020-10-28 15:39:43:
USERID  BALANCE 
------- --------
     42   100862

2020-10-28 15:39:43:Show amount of credit currently reserved for products...
2020-10-28 15:39:43:
PRODUCTID  PRODUCTNAME                     ALLOCATED_UNITS  VALUE_AT_RISK 
---------- ------------------------------- ---------------- --------------
         0 Our Web Site                             3622713              0
         1 SMS messages                             3611172        3611172
         2 Domestic Internet Access per GB          3598944       71978880
         3 Roaming Internet Access per GB           3529230     1206996660
         4 Domestic calls per minute                3608435       10825305

2020-10-28 15:39:43:Show total credit held by system...
2020-10-28 15:39:43:
BALANCE     
------------
 97347642037

2020-10-28 15:39:49:Transaction 300001
2020-10-28 15:39:53:Query user #42...
2020-10-28 15:39:53:
USERID  USER_JSON_OBJECT  USER_LAST_SEEN              USER_SOFTLOCK_SESSIONID  USER_SOFTLOCK_EXPIRY 
------- ----------------- --------------------------- ------------------------ ---------------------
     42 { "payload":"" }  2020-10-28 15:22:57.617000                      NULL NULL                 

2020-10-28 15:39:53:
USERID  TRAN_COUNT  BALANCE 
------- ----------- --------
     42          22   101258

2020-10-28 15:39:53:
USERID  PRODUCTID  ALLOCATED_UNITS  SESSIONID            LASTDATE                   
------- ---------- ---------------- -------------------- ---------------------------
     42          0               67                   64 2020-10-28 15:39:50.067000 
     42          0               64  3395322465398833155 2020-10-28 15:39:38.896000 
     42          1               84                   63 2020-10-28 15:39:37.481000 
     42          1               63                   71 2020-10-28 15:39:10.773000 
     42          1               71  3395322225618862083 2020-10-28 15:39:10.312000 

2020-10-28 15:39:53:
USER_TXN_ID                     TXN_TIME                    PRODUCTID  AMOUNT 
------------------------------- --------------------------- ---------- -------
Create_42                       2020-10-28 15:22:57.625000        NULL  100000
ReportQuotaUsage_1_45300_0_1    2020-10-28 15:39:10.312000           1       0
ReportQuotaUsage_2_48052_30_1   2020-10-28 15:39:10.773000           1     -30
ReportQuotaUsage_3_219553_48_1  2020-10-28 15:39:37.481000           1     -48
ReportQuotaUsage_4_228706_0_0   2020-10-28 15:39:38.896000           0       0
AddCreditAtInterval_5_285040_178 2020-10-28 15:39:47.438000        NULL     178
ReportQuotaUsage_6_302548_42_0  2020-10-28 15:39:50.067000           0       0

2020-10-28 15:39:53:
USERID  BALANCE 
------- --------
     42   101040

2020-10-28 15:39:53:Show amount of credit currently reserved for products...
2020-10-28 15:39:53:
PRODUCTID  PRODUCTNAME                     ALLOCATED_UNITS  VALUE_AT_RISK 
---------- ------------------------------- ---------------- --------------
         0 Our Web Site                             4446636              0
         1 SMS messages                             4430946        4430946
         2 Domestic Internet Access per GB          4385077       87701540
         3 Roaming Internet Access per GB           4287570     1466348940
         4 Domestic calls per minute                4398900       13196700

2020-10-28 15:39:53:Show total credit held by system...
2020-10-28 15:39:53:
BALANCE     
------------
 97311331073

2020-10-28 15:40:03:Query user #42...
2020-10-28 15:40:03:
USERID  USER_JSON_OBJECT  USER_LAST_SEEN              USER_SOFTLOCK_SESSIONID  USER_SOFTLOCK_EXPIRY 
------- ----------------- --------------------------- ------------------------ ---------------------
     42 { "payload":"" }  2020-10-28 15:22:57.617000                      NULL NULL                 

2020-10-28 15:40:03:
USERID  TRAN_COUNT  BALANCE 
------- ----------- --------
     42          23   101214

2020-10-28 15:40:03:
USERID  PRODUCTID  ALLOCATED_UNITS  SESSIONID            LASTDATE                   
------- ---------- ---------------- -------------------- ---------------------------
     42          0               67                   64 2020-10-28 15:39:50.067000 
     42          0               64  3395322465398833155 2020-10-28 15:39:38.896000 
     42          1               84                   63 2020-10-28 15:39:37.481000 
     42          1               63                   71 2020-10-28 15:39:10.773000 
     42          1               51                   84 2020-10-28 15:39:55.392000 
     42          1               71  3395322225618862083 2020-10-28 15:39:10.312000 

2020-10-28 15:40:03:
USER_TXN_ID                     TXN_TIME                    PRODUCTID  AMOUNT 
------------------------------- --------------------------- ---------- -------
Create_42                       2020-10-28 15:22:57.625000        NULL  100000
ReportQuotaUsage_1_45300_0_1    2020-10-28 15:39:10.312000           1       0
ReportQuotaUsage_2_48052_30_1   2020-10-28 15:39:10.773000           1     -30
ReportQuotaUsage_3_219553_48_1  2020-10-28 15:39:37.481000           1     -48
ReportQuotaUsage_4_228706_0_0   2020-10-28 15:39:38.896000           0       0
AddCreditAtInterval_5_285040_178 2020-10-28 15:39:47.438000        NULL     178
ReportQuotaUsage_6_302548_42_0  2020-10-28 15:39:50.067000           0       0
ReportQuotaUsage_7_337331_44_1  2020-10-28 15:39:55.392000           1     -44

2020-10-28 15:40:03:
USERID  BALANCE 
------- --------
     42   100945

2020-10-28 15:40:03:Show amount of credit currently reserved for products...
2020-10-28 15:40:03:
PRODUCTID  PRODUCTNAME                     ALLOCATED_UNITS  VALUE_AT_RISK 
---------- ------------------------------- ---------------- --------------
         0 Our Web Site                             5212504              0
         1 SMS messages                             5194876        5194876
         2 Domestic Internet Access per GB          5130887      102617740
         3 Roaming Internet Access per GB           4989269     1706329998
         4 Domestic calls per minute                5166208       15498624

2020-10-28 15:40:03:Show total credit held by system...
2020-10-28 15:40:03:
BALANCE     
------------
 97272512530

2020-10-28 15:40:04:Transaction 400001
2020-10-28 15:40:13:Query user #42...
2020-10-28 15:40:13:
USERID  USER_JSON_OBJECT  USER_LAST_SEEN              USER_SOFTLOCK_SESSIONID  USER_SOFTLOCK_EXPIRY 
------- ----------------- --------------------------- ------------------------ ---------------------
     42 { "payload":"" }  2020-10-28 15:22:57.617000                      NULL NULL                 

2020-10-28 15:40:13:
USERID  TRAN_COUNT  BALANCE 
------- ----------- --------
     42          24   101181

2020-10-28 15:40:13:
USERID  PRODUCTID  ALLOCATED_UNITS  SESSIONID            LASTDATE                   
------- ---------- ---------------- -------------------- ---------------------------
     42          0               67                   64 2020-10-28 15:39:50.067000 
     42          0               64  3395322465398833155 2020-10-28 15:39:38.896000 
     42          1               87                   51 2020-10-28 15:40:03.503000 
     42          1               84                   63 2020-10-28 15:39:37.481000 
     42          1               63                   71 2020-10-28 15:39:10.773000 
     42          1               51                   84 2020-10-28 15:39:55.392000 
     42          1               71  3395322225618862083 2020-10-28 15:39:10.312000 

2020-10-28 15:40:13:
USER_TXN_ID                     TXN_TIME                    PRODUCTID  AMOUNT 
------------------------------- --------------------------- ---------- -------
Create_42                       2020-10-28 15:22:57.625000        NULL  100000
ReportQuotaUsage_1_45300_0_1    2020-10-28 15:39:10.312000           1       0
ReportQuotaUsage_2_48052_30_1   2020-10-28 15:39:10.773000           1     -30
ReportQuotaUsage_3_219553_48_1  2020-10-28 15:39:37.481000           1     -48
ReportQuotaUsage_4_228706_0_0   2020-10-28 15:39:38.896000           0       0
AddCreditAtInterval_5_285040_178 2020-10-28 15:39:47.438000        NULL     178
ReportQuotaUsage_6_302548_42_0  2020-10-28 15:39:50.067000           0       0
ReportQuotaUsage_7_337331_44_1  2020-10-28 15:39:55.392000           1     -44
ReportQuotaUsage_8_390395_33_1  2020-10-28 15:40:03.503000           1     -33

2020-10-28 15:40:13:
USERID  BALANCE 
------- --------
     42   100825

2020-10-28 15:40:13:Show amount of credit currently reserved for products...
2020-10-28 15:40:13:
PRODUCTID  PRODUCTNAME                     ALLOCATED_UNITS  VALUE_AT_RISK 
---------- ------------------------------- ---------------- --------------
         0 Our Web Site                             5939160              0
         1 SMS messages                             5923517        5923517
         2 Domestic Internet Access per GB          5845676      116913520
         3 Roaming Internet Access per GB           5653380     1933455960
         4 Domestic calls per minute                5893301       17679903

2020-10-28 15:40:13:Show total credit held by system...
2020-10-28 15:40:13:
BALANCE     
------------
 97229374522

2020-10-28 15:40:20:Transaction 500001
2020-10-28 15:40:23:Query user #42...
2020-10-28 15:40:23:
USERID  USER_JSON_OBJECT  USER_LAST_SEEN              USER_SOFTLOCK_SESSIONID  USER_SOFTLOCK_EXPIRY 
------- ----------------- --------------------------- ------------------------ ---------------------
     42 { "payload":"" }  2020-10-28 15:22:57.617000                      NULL NULL                 

2020-10-28 15:40:23:
USERID  TRAN_COUNT  BALANCE 
------- ----------- --------
     42          24   101181

2020-10-28 15:40:23:
USERID  PRODUCTID  ALLOCATED_UNITS  SESSIONID            LASTDATE                   
------- ---------- ---------------- -------------------- ---------------------------
     42          0               67                   64 2020-10-28 15:39:50.067000 
     42          0               64  3395322465398833155 2020-10-28 15:39:38.896000 
     42          1               87                   51 2020-10-28 15:40:03.503000 
     42          1               84                   63 2020-10-28 15:39:37.481000 
     42          1               63                   71 2020-10-28 15:39:10.773000 
     42          1               51                   84 2020-10-28 15:39:55.392000 
     42          1               71  3395322225618862083 2020-10-28 15:39:10.312000 

2020-10-28 15:40:23:
USER_TXN_ID                     TXN_TIME                    PRODUCTID  AMOUNT 
------------------------------- --------------------------- ---------- -------
Create_42                       2020-10-28 15:22:57.625000        NULL  100000
ReportQuotaUsage_1_45300_0_1    2020-10-28 15:39:10.312000           1       0
ReportQuotaUsage_2_48052_30_1   2020-10-28 15:39:10.773000           1     -30
ReportQuotaUsage_3_219553_48_1  2020-10-28 15:39:37.481000           1     -48
ReportQuotaUsage_4_228706_0_0   2020-10-28 15:39:38.896000           0       0
AddCreditAtInterval_5_285040_178 2020-10-28 15:39:47.438000        NULL     178
ReportQuotaUsage_6_302548_42_0  2020-10-28 15:39:50.067000           0       0
ReportQuotaUsage_7_337331_44_1  2020-10-28 15:39:55.392000           1     -44
ReportQuotaUsage_8_390395_33_1  2020-10-28 15:40:03.503000           1     -33

2020-10-28 15:40:23:
USERID  BALANCE 
------- --------
     42   100825

2020-10-28 15:40:23:Show amount of credit currently reserved for products...
2020-10-28 15:40:23:
PRODUCTID  PRODUCTNAME                     ALLOCATED_UNITS  VALUE_AT_RISK 
---------- ------------------------------- ---------------- --------------
         0 Our Web Site                             6652705              0
         1 SMS messages                             6617957        6617957
         2 Domestic Internet Access per GB          6522741      130454820
         3 Roaming Internet Access per GB           6256437     2139701454
         4 Domestic calls per minute                6588072       19764216

2020-10-28 15:40:23:Show total credit held by system...
2020-10-28 15:40:23:
BALANCE     
------------
 97184281928

2020-10-28 15:40:33:Query user #42...
2020-10-28 15:40:33:
USERID  USER_JSON_OBJECT  USER_LAST_SEEN              USER_SOFTLOCK_SESSIONID  USER_SOFTLOCK_EXPIRY 
------- ----------------- --------------------------- ------------------------ ---------------------
     42 { "payload":"" }  2020-10-28 15:22:57.617000                      NULL NULL                 

2020-10-28 15:40:33:
USERID  TRAN_COUNT  BALANCE 
------- ----------- --------
     42          24   101181

2020-10-28 15:40:33:
USERID  PRODUCTID  ALLOCATED_UNITS  SESSIONID            LASTDATE                   
------- ---------- ---------------- -------------------- ---------------------------
     42          0               67                   64 2020-10-28 15:39:50.067000 
     42          0               64  3395322465398833155 2020-10-28 15:39:38.896000 
     42          1               87                   51 2020-10-28 15:40:03.503000 
     42          1               84                   63 2020-10-28 15:39:37.481000 
     42          1               63                   71 2020-10-28 15:39:10.773000 
     42          1               51                   84 2020-10-28 15:39:55.392000 
     42          1               71  3395322225618862083 2020-10-28 15:39:10.312000 

2020-10-28 15:40:33:
USER_TXN_ID                     TXN_TIME                    PRODUCTID  AMOUNT 
------------------------------- --------------------------- ---------- -------
Create_42                       2020-10-28 15:22:57.625000        NULL  100000
ReportQuotaUsage_1_45300_0_1    2020-10-28 15:39:10.312000           1       0
ReportQuotaUsage_2_48052_30_1   2020-10-28 15:39:10.773000           1     -30
ReportQuotaUsage_3_219553_48_1  2020-10-28 15:39:37.481000           1     -48
ReportQuotaUsage_4_228706_0_0   2020-10-28 15:39:38.896000           0       0
AddCreditAtInterval_5_285040_178 2020-10-28 15:39:47.438000        NULL     178
ReportQuotaUsage_6_302548_42_0  2020-10-28 15:39:50.067000           0       0
ReportQuotaUsage_7_337331_44_1  2020-10-28 15:39:55.392000           1     -44
ReportQuotaUsage_8_390395_33_1  2020-10-28 15:40:03.503000           1     -33

2020-10-28 15:40:33:
USERID  BALANCE 
------- --------
     42   100825

2020-10-28 15:40:33:Show amount of credit currently reserved for products...
2020-10-28 15:40:33:
PRODUCTID  PRODUCTNAME                     ALLOCATED_UNITS  VALUE_AT_RISK 
---------- ------------------------------- ---------------- --------------
         0 Our Web Site                             7350682              0
         1 SMS messages                             7299844        7299844
         2 Domestic Internet Access per GB          7172884      143457680
         3 Roaming Internet Access per GB           6839098     2338971516
         4 Domestic calls per minute                7268164       21804492

2020-10-28 15:40:33:Show total credit held by system...
2020-10-28 15:40:33:
BALANCE     
------------
 97136495636

2020-10-28 15:40:37:Transaction 600001
2020-10-28 15:40:43:Query user #42...
2020-10-28 15:40:43:
USERID  USER_JSON_OBJECT  USER_LAST_SEEN              USER_SOFTLOCK_SESSIONID  USER_SOFTLOCK_EXPIRY 
------- ----------------- --------------------------- ------------------------ ---------------------
     42 { "payload":"" }  2020-10-28 15:22:57.617000                      NULL NULL                 

2020-10-28 15:40:43:
USERID  TRAN_COUNT  BALANCE 
------- ----------- --------
     42          24   101181

2020-10-28 15:40:43:
USERID  PRODUCTID  ALLOCATED_UNITS  SESSIONID            LASTDATE                   
------- ---------- ---------------- -------------------- ---------------------------
     42          0               67                   64 2020-10-28 15:39:50.067000 
     42          0               64  3395322465398833155 2020-10-28 15:39:38.896000 
     42          1               87                   51 2020-10-28 15:40:03.503000 
     42          1               84                   63 2020-10-28 15:39:37.481000 
     42          1               63                   71 2020-10-28 15:39:10.773000 
     42          1               51                   84 2020-10-28 15:39:55.392000 
     42          1               71  3395322225618862083 2020-10-28 15:39:10.312000 

2020-10-28 15:40:43:
USER_TXN_ID                     TXN_TIME                    PRODUCTID  AMOUNT 
------------------------------- --------------------------- ---------- -------
Create_42                       2020-10-28 15:22:57.625000        NULL  100000
ReportQuotaUsage_1_45300_0_1    2020-10-28 15:39:10.312000           1       0
ReportQuotaUsage_2_48052_30_1   2020-10-28 15:39:10.773000           1     -30
ReportQuotaUsage_3_219553_48_1  2020-10-28 15:39:37.481000           1     -48
ReportQuotaUsage_4_228706_0_0   2020-10-28 15:39:38.896000           0       0
AddCreditAtInterval_5_285040_178 2020-10-28 15:39:47.438000        NULL     178
ReportQuotaUsage_6_302548_42_0  2020-10-28 15:39:50.067000           0       0
ReportQuotaUsage_7_337331_44_1  2020-10-28 15:39:55.392000           1     -44
ReportQuotaUsage_8_390395_33_1  2020-10-28 15:40:03.503000           1     -33

2020-10-28 15:40:43:
USERID  BALANCE 
------- --------
     42   100825

2020-10-28 15:40:43:Show amount of credit currently reserved for products...
2020-10-28 15:40:43:
PRODUCTID  PRODUCTNAME                     ALLOCATED_UNITS  VALUE_AT_RISK 
---------- ------------------------------- ---------------- --------------
         0 Our Web Site                             8035071              0
         1 SMS messages                             7976596        7976596
         2 Domestic Internet Access per GB          7826529      156530580
         3 Roaming Internet Access per GB           7419020     2537304840
         4 Domestic calls per minute                7945484       23836452

2020-10-28 15:40:43:Show total credit held by system...
2020-10-28 15:40:43:
BALANCE     
------------
 97085255087

2020-10-28 15:40:53:Query user #42...
2020-10-28 15:40:53:
USERID  USER_JSON_OBJECT  USER_LAST_SEEN              USER_SOFTLOCK_SESSIONID  USER_SOFTLOCK_EXPIRY 
------- ----------------- --------------------------- ------------------------ ---------------------
     42 { "payload":"" }  2020-10-28 15:22:57.617000                      NULL NULL                 

2020-10-28 15:40:53:
USERID  TRAN_COUNT  BALANCE 
------- ----------- --------
     42          25   101181

2020-10-28 15:40:53:
USERID  PRODUCTID  ALLOCATED_UNITS  SESSIONID            LASTDATE                   
------- ---------- ---------------- -------------------- ---------------------------
     42          0               67                   64 2020-10-28 15:39:50.067000 
     42          0               71                   67 2020-10-28 15:40:48.279000 
     42          0               64  3395322465398833155 2020-10-28 15:39:38.896000 
     42          1               87                   51 2020-10-28 15:40:03.503000 
     42          1               84                   63 2020-10-28 15:39:37.481000 
     42          1               63                   71 2020-10-28 15:39:10.773000 
     42          1               51                   84 2020-10-28 15:39:55.392000 
     42          1               71  3395322225618862083 2020-10-28 15:39:10.312000 

2020-10-28 15:40:53:
USER_TXN_ID                     TXN_TIME                    PRODUCTID  AMOUNT 
------------------------------- --------------------------- ---------- -------
Create_42                       2020-10-28 15:22:57.625000        NULL  100000
ReportQuotaUsage_1_45300_0_1    2020-10-28 15:39:10.312000           1       0
ReportQuotaUsage_2_48052_30_1   2020-10-28 15:39:10.773000           1     -30
ReportQuotaUsage_3_219553_48_1  2020-10-28 15:39:37.481000           1     -48
ReportQuotaUsage_4_228706_0_0   2020-10-28 15:39:38.896000           0       0
AddCreditAtInterval_5_285040_178 2020-10-28 15:39:47.438000        NULL     178
ReportQuotaUsage_6_302548_42_0  2020-10-28 15:39:50.067000           0       0
ReportQuotaUsage_7_337331_44_1  2020-10-28 15:39:55.392000           1     -44
ReportQuotaUsage_8_390395_33_1  2020-10-28 15:40:03.503000           1     -33
ReportQuotaUsage_9_669628_37_0  2020-10-28 15:40:48.279000           0       0

2020-10-28 15:40:53:
USERID  BALANCE 
------- --------
     42   100825

2020-10-28 15:40:53:Show amount of credit currently reserved for products...
2020-10-28 15:40:53:
PRODUCTID  PRODUCTNAME                     ALLOCATED_UNITS  VALUE_AT_RISK 
---------- ------------------------------- ---------------- --------------
         0 Our Web Site                             8718316              0
         1 SMS messages                             8637002        8637002
         2 Domestic Internet Access per GB          8461877      169237540
         3 Roaming Internet Access per GB           7972930     2726742060
         4 Domestic calls per minute                8616292       25848876

2020-10-28 15:40:53:Show total credit held by system...
2020-10-28 15:40:53:
BALANCE     
------------
 97032532873

2020-10-28 15:40:53:Transaction 700001
2020-10-28 15:41:03:Query user #42...
2020-10-28 15:41:03:
USERID  USER_JSON_OBJECT  USER_LAST_SEEN              USER_SOFTLOCK_SESSIONID  USER_SOFTLOCK_EXPIRY 
------- ----------------- --------------------------- ------------------------ ---------------------
     42 { "payload":"" }  2020-10-28 15:22:57.617000                      NULL NULL                 

2020-10-28 15:41:03:
USERID  TRAN_COUNT  BALANCE 
------- ----------- --------
     42          26   101437

2020-10-28 15:41:03:
USERID  PRODUCTID  ALLOCATED_UNITS  SESSIONID            LASTDATE                   
------- ---------- ---------------- -------------------- ---------------------------
     42          0               67                   64 2020-10-28 15:39:50.067000 
     42          0               71                   67 2020-10-28 15:40:48.279000 
     42          0               64  3395322465398833155 2020-10-28 15:39:38.896000 
     42          1               87                   51 2020-10-28 15:40:03.503000 
     42          1               84                   63 2020-10-28 15:39:37.481000 
     42          1               63                   71 2020-10-28 15:39:10.773000 
     42          1               51                   84 2020-10-28 15:39:55.392000 
     42          1               71  3395322225618862083 2020-10-28 15:39:10.312000 

2020-10-28 15:41:03:
USER_TXN_ID                     TXN_TIME                    PRODUCTID  AMOUNT 
------------------------------- --------------------------- ---------- -------
Create_42                       2020-10-28 15:22:57.625000        NULL  100000
ReportQuotaUsage_1_45300_0_1    2020-10-28 15:39:10.312000           1       0
ReportQuotaUsage_2_48052_30_1   2020-10-28 15:39:10.773000           1     -30
ReportQuotaUsage_3_219553_48_1  2020-10-28 15:39:37.481000           1     -48
ReportQuotaUsage_4_228706_0_0   2020-10-28 15:39:38.896000           0       0
AddCreditAtInterval_5_285040_178 2020-10-28 15:39:47.438000        NULL     178
ReportQuotaUsage_6_302548_42_0  2020-10-28 15:39:50.067000           0       0
ReportQuotaUsage_7_337331_44_1  2020-10-28 15:39:55.392000           1     -44
ReportQuotaUsage_8_390395_33_1  2020-10-28 15:40:03.503000           1     -33
ReportQuotaUsage_9_669628_37_0  2020-10-28 15:40:48.279000           0       0
AddCreditAtInterval_10_754590_256 2020-10-28 15:41:02.145000        NULL     256

2020-10-28 15:41:03:
USERID  BALANCE 
------- --------
     42   101081

2020-10-28 15:41:03:Show amount of credit currently reserved for products...
2020-10-28 15:41:03:
PRODUCTID  PRODUCTNAME                     ALLOCATED_UNITS  VALUE_AT_RISK 
---------- ------------------------------- ---------------- --------------
         0 Our Web Site                             9387535              0
         1 SMS messages                             9285493        9285493
         2 Domestic Internet Access per GB          9075917      181518340
         3 Roaming Internet Access per GB           8509980     2910413160
         4 Domestic calls per minute                9276239       27828717

2020-10-28 15:41:03:Show total credit held by system...
2020-10-28 15:41:03:
BALANCE     
------------
 96978287271

2020-10-28 15:41:09:Transaction 800001
2020-10-28 15:41:13:Query user #42...
2020-10-28 15:41:13:
USERID  USER_JSON_OBJECT  USER_LAST_SEEN              USER_SOFTLOCK_SESSIONID  USER_SOFTLOCK_EXPIRY 
------- ----------------- --------------------------- ------------------------ ---------------------
     42 { "payload":"" }  2020-10-28 15:22:57.617000                      NULL NULL                 

2020-10-28 15:41:13:
USERID  TRAN_COUNT  BALANCE 
------- ----------- --------
     42          26   101437

2020-10-28 15:41:13:
USERID  PRODUCTID  ALLOCATED_UNITS  SESSIONID            LASTDATE                   
------- ---------- ---------------- -------------------- ---------------------------
     42          0               67                   64 2020-10-28 15:39:50.067000 
     42          0               71                   67 2020-10-28 15:40:48.279000 
     42          0               64  3395322465398833155 2020-10-28 15:39:38.896000 
     42          1               87                   51 2020-10-28 15:40:03.503000 
     42          1               84                   63 2020-10-28 15:39:37.481000 
     42          1               63                   71 2020-10-28 15:39:10.773000 
     42          1               51                   84 2020-10-28 15:39:55.392000 
     42          1               71  3395322225618862083 2020-10-28 15:39:10.312000 

2020-10-28 15:41:13:
USER_TXN_ID                     TXN_TIME                    PRODUCTID  AMOUNT 
------------------------------- --------------------------- ---------- -------
Create_42                       2020-10-28 15:22:57.625000        NULL  100000
ReportQuotaUsage_1_45300_0_1    2020-10-28 15:39:10.312000           1       0
ReportQuotaUsage_2_48052_30_1   2020-10-28 15:39:10.773000           1     -30
ReportQuotaUsage_3_219553_48_1  2020-10-28 15:39:37.481000           1     -48
ReportQuotaUsage_4_228706_0_0   2020-10-28 15:39:38.896000           0       0
AddCreditAtInterval_5_285040_178 2020-10-28 15:39:47.438000        NULL     178
ReportQuotaUsage_6_302548_42_0  2020-10-28 15:39:50.067000           0       0
ReportQuotaUsage_7_337331_44_1  2020-10-28 15:39:55.392000           1     -44
ReportQuotaUsage_8_390395_33_1  2020-10-28 15:40:03.503000           1     -33
ReportQuotaUsage_9_669628_37_0  2020-10-28 15:40:48.279000           0       0
AddCreditAtInterval_10_754590_256 2020-10-28 15:41:02.145000        NULL     256

2020-10-28 15:41:13:
USERID  BALANCE 
------- --------
     42   101081

2020-10-28 15:41:13:Show amount of credit currently reserved for products...
2020-10-28 15:41:13:
PRODUCTID  PRODUCTNAME                     ALLOCATED_UNITS  VALUE_AT_RISK 
---------- ------------------------------- ---------------- --------------
         0 Our Web Site                            10041876              0
         1 SMS messages                             9928338        9928338
         2 Domestic Internet Access per GB          9684679      193693580
         3 Roaming Internet Access per GB           9011543     3081947706
         4 Domestic calls per minute                9914935       29744805

2020-10-28 15:41:13:Show total credit held by system...
2020-10-28 15:41:13:
BALANCE     
------------
 96923049287

2020-10-28 15:41:23:Query user #42...
2020-10-28 15:41:23:
USERID  USER_JSON_OBJECT  USER_LAST_SEEN              USER_SOFTLOCK_SESSIONID  USER_SOFTLOCK_EXPIRY 
------- ----------------- --------------------------- ------------------------ ---------------------
     42 { "payload":"" }  2020-10-28 15:22:57.617000                      NULL NULL                 

2020-10-28 15:41:23:
USERID  TRAN_COUNT  BALANCE 
------- ----------- --------
     42          27   101437

2020-10-28 15:41:23:
USERID  PRODUCTID  ALLOCATED_UNITS  SESSIONID            LASTDATE                   
------- ---------- ---------------- -------------------- ---------------------------
     42          0               67                   64 2020-10-28 15:39:50.067000 
     42          0               71                   67 2020-10-28 15:40:48.279000 
     42          0               74                   71 2020-10-28 15:41:18.461000 
     42          0               64  3395322465398833155 2020-10-28 15:39:38.896000 
     42          1               87                   51 2020-10-28 15:40:03.503000 
     42          1               84                   63 2020-10-28 15:39:37.481000 
     42          1               63                   71 2020-10-28 15:39:10.773000 
     42          1               51                   84 2020-10-28 15:39:55.392000 
     42          1               71  3395322225618862083 2020-10-28 15:39:10.312000 

2020-10-28 15:41:23:
USER_TXN_ID                     TXN_TIME                    PRODUCTID  AMOUNT 
------------------------------- --------------------------- ---------- -------
Create_42                       2020-10-28 15:22:57.625000        NULL  100000
ReportQuotaUsage_1_45300_0_1    2020-10-28 15:39:10.312000           1       0
ReportQuotaUsage_2_48052_30_1   2020-10-28 15:39:10.773000           1     -30
ReportQuotaUsage_3_219553_48_1  2020-10-28 15:39:37.481000           1     -48
ReportQuotaUsage_4_228706_0_0   2020-10-28 15:39:38.896000           0       0
AddCreditAtInterval_5_285040_178 2020-10-28 15:39:47.438000        NULL     178
ReportQuotaUsage_6_302548_42_0  2020-10-28 15:39:50.067000           0       0
ReportQuotaUsage_7_337331_44_1  2020-10-28 15:39:55.392000           1     -44
ReportQuotaUsage_8_390395_33_1  2020-10-28 15:40:03.503000           1     -33
ReportQuotaUsage_9_669628_37_0  2020-10-28 15:40:48.279000           0       0
AddCreditAtInterval_10_754590_256 2020-10-28 15:41:02.145000        NULL     256
ReportQuotaUsage_11_855182_15_0 2020-10-28 15:41:18.461000           0       0

2020-10-28 15:41:23:
USERID  BALANCE 
------- --------
     42   101081

2020-10-28 15:41:23:Show amount of credit currently reserved for products...
2020-10-28 15:41:23:
PRODUCTID  PRODUCTNAME                     ALLOCATED_UNITS  VALUE_AT_RISK 
---------- ------------------------------- ---------------- --------------
         0 Our Web Site                            10700300              0
         1 SMS messages                            10565189       10565189
         2 Domestic Internet Access per GB         10279775      205595500
         3 Roaming Internet Access per GB           9508048     3251752416
         4 Domestic calls per minute               10529116       31587348

2020-10-28 15:41:23:Show total credit held by system...
2020-10-28 15:41:23:
BALANCE     
------------
 96866277303

2020-10-28 15:41:25:Transaction 900001
2020-10-28 15:41:33:Query user #42...
2020-10-28 15:41:33:
USERID  USER_JSON_OBJECT  USER_LAST_SEEN              USER_SOFTLOCK_SESSIONID  USER_SOFTLOCK_EXPIRY 
------- ----------------- --------------------------- ------------------------ ---------------------
     42 { "payload":"" }  2020-10-28 15:22:57.617000                      NULL NULL                 

2020-10-28 15:41:33:
USERID  TRAN_COUNT  BALANCE 
------- ----------- --------
     42          27   101437

2020-10-28 15:41:33:
USERID  PRODUCTID  ALLOCATED_UNITS  SESSIONID            LASTDATE                   
------- ---------- ---------------- -------------------- ---------------------------
     42          0               67                   64 2020-10-28 15:39:50.067000 
     42          0               71                   67 2020-10-28 15:40:48.279000 
     42          0               74                   71 2020-10-28 15:41:18.461000 
     42          0               64  3395322465398833155 2020-10-28 15:39:38.896000 
     42          1               87                   51 2020-10-28 15:40:03.503000 
     42          1               84                   63 2020-10-28 15:39:37.481000 
     42          1               63                   71 2020-10-28 15:39:10.773000 
     42          1               51                   84 2020-10-28 15:39:55.392000 
     42          1               71  3395322225618862083 2020-10-28 15:39:10.312000 

2020-10-28 15:41:33:
USER_TXN_ID                     TXN_TIME                    PRODUCTID  AMOUNT 
------------------------------- --------------------------- ---------- -------
Create_42                       2020-10-28 15:22:57.625000        NULL  100000
ReportQuotaUsage_1_45300_0_1    2020-10-28 15:39:10.312000           1       0
ReportQuotaUsage_2_48052_30_1   2020-10-28 15:39:10.773000           1     -30
ReportQuotaUsage_3_219553_48_1  2020-10-28 15:39:37.481000           1     -48
ReportQuotaUsage_4_228706_0_0   2020-10-28 15:39:38.896000           0       0
AddCreditAtInterval_5_285040_178 2020-10-28 15:39:47.438000        NULL     178
ReportQuotaUsage_6_302548_42_0  2020-10-28 15:39:50.067000           0       0
ReportQuotaUsage_7_337331_44_1  2020-10-28 15:39:55.392000           1     -44
ReportQuotaUsage_8_390395_33_1  2020-10-28 15:40:03.503000           1     -33
ReportQuotaUsage_9_669628_37_0  2020-10-28 15:40:48.279000           0       0
AddCreditAtInterval_10_754590_256 2020-10-28 15:41:02.145000        NULL     256
ReportQuotaUsage_11_855182_15_0 2020-10-28 15:41:18.461000           0       0

2020-10-28 15:41:33:
USERID  BALANCE 
------- --------
     42   101081

2020-10-28 15:41:33:Show amount of credit currently reserved for products...
2020-10-28 15:41:33:
PRODUCTID  PRODUCTNAME                     ALLOCATED_UNITS  VALUE_AT_RISK 
---------- ------------------------------- ---------------- --------------
         0 Our Web Site                            11336660              0
         1 SMS messages                            11187491       11187491
         2 Domestic Internet Access per GB         10841569      216831380
         3 Roaming Internet Access per GB           9983713     3414429846
         4 Domestic calls per minute               11140996       33422988

2020-10-28 15:41:33:Show total credit held by system...
2020-10-28 15:41:33:
BALANCE     
------------
 96808493600

2020-10-28 15:41:41:Transaction 1000001
2020-10-28 15:41:43:Query user #42...
2020-10-28 15:41:43:
USERID  USER_JSON_OBJECT  USER_LAST_SEEN              USER_SOFTLOCK_SESSIONID  USER_SOFTLOCK_EXPIRY 
------- ----------------- --------------------------- ------------------------ ---------------------
     42 { "payload":"" }  2020-10-28 15:22:57.617000                      NULL NULL                 

2020-10-28 15:41:43:
USERID  TRAN_COUNT  BALANCE 
------- ----------- --------
     42          27   101437

2020-10-28 15:41:43:
USERID  PRODUCTID  ALLOCATED_UNITS  SESSIONID            LASTDATE                   
------- ---------- ---------------- -------------------- ---------------------------
     42          0               67                   64 2020-10-28 15:39:50.067000 
     42          0               71                   67 2020-10-28 15:40:48.279000 
     42          0               74                   71 2020-10-28 15:41:18.461000 
     42          0               64  3395322465398833155 2020-10-28 15:39:38.896000 
     42          1               87                   51 2020-10-28 15:40:03.503000 
     42          1               84                   63 2020-10-28 15:39:37.481000 
     42          1               63                   71 2020-10-28 15:39:10.773000 
     42          1               51                   84 2020-10-28 15:39:55.392000 
     42          1               71  3395322225618862083 2020-10-28 15:39:10.312000 
     42          4               60  3395323490696429571 2020-10-28 15:41:41.121000 

2020-10-28 15:41:43:
USER_TXN_ID                     TXN_TIME                    PRODUCTID  AMOUNT 
------------------------------- --------------------------- ---------- -------
Create_42                       2020-10-28 15:22:57.625000        NULL  100000
ReportQuotaUsage_1_45300_0_1    2020-10-28 15:39:10.312000           1       0
ReportQuotaUsage_2_48052_30_1   2020-10-28 15:39:10.773000           1     -30
ReportQuotaUsage_3_219553_48_1  2020-10-28 15:39:37.481000           1     -48
ReportQuotaUsage_4_228706_0_0   2020-10-28 15:39:38.896000           0       0
AddCreditAtInterval_5_285040_178 2020-10-28 15:39:47.438000        NULL     178
ReportQuotaUsage_6_302548_42_0  2020-10-28 15:39:50.067000           0       0
ReportQuotaUsage_7_337331_44_1  2020-10-28 15:39:55.392000           1     -44
ReportQuotaUsage_8_390395_33_1  2020-10-28 15:40:03.503000           1     -33
ReportQuotaUsage_9_669628_37_0  2020-10-28 15:40:48.279000           0       0
AddCreditAtInterval_10_754590_256 2020-10-28 15:41:02.145000        NULL     256
ReportQuotaUsage_11_855182_15_0 2020-10-28 15:41:18.461000           0       0
ReportQuotaUsage_12_997062_0_4  2020-10-28 15:41:41.121000           4       0

2020-10-28 15:41:43:
USERID  BALANCE 
------- --------
     42   100901

2020-10-28 15:41:43:Show amount of credit currently reserved for products...
2020-10-28 15:41:43:
PRODUCTID  PRODUCTNAME                     ALLOCATED_UNITS  VALUE_AT_RISK 
---------- ------------------------------- ---------------- --------------
         0 Our Web Site                            11997857              0
         1 SMS messages                            11808302       11808302
         2 Domestic Internet Access per GB         11427978      228559560
         3 Roaming Internet Access per GB          10438625     3570009750
         4 Domestic calls per minute               11743632       35230896

2020-10-28 15:41:43:Show total credit held by system...
2020-10-28 15:41:43:
BALANCE     
------------
 96749103825

2020-10-28 15:41:53:Query user #42...
2020-10-28 15:41:53:
USERID  USER_JSON_OBJECT  USER_LAST_SEEN              USER_SOFTLOCK_SESSIONID  USER_SOFTLOCK_EXPIRY 
------- ----------------- --------------------------- ------------------------ ---------------------
     42 { "payload":"" }  2020-10-28 15:22:57.617000                      NULL NULL                 

2020-10-28 15:41:53:
USERID  TRAN_COUNT  BALANCE 
------- ----------- --------
     42          27   101437

2020-10-28 15:41:53:
USERID  PRODUCTID  ALLOCATED_UNITS  SESSIONID            LASTDATE                   
------- ---------- ---------------- -------------------- ---------------------------
     42          0               67                   64 2020-10-28 15:39:50.067000 
     42          0               71                   67 2020-10-28 15:40:48.279000 
     42          0               74                   71 2020-10-28 15:41:18.461000 
     42          0               64  3395322465398833155 2020-10-28 15:39:38.896000 
     42          1               87                   51 2020-10-28 15:40:03.503000 
     42          1               84                   63 2020-10-28 15:39:37.481000 
     42          1               63                   71 2020-10-28 15:39:10.773000 
     42          1               51                   84 2020-10-28 15:39:55.392000 
     42          1               71  3395322225618862083 2020-10-28 15:39:10.312000 
     42          4               60  3395323490696429571 2020-10-28 15:41:41.121000 

2020-10-28 15:41:53:
USER_TXN_ID                     TXN_TIME                    PRODUCTID  AMOUNT 
------------------------------- --------------------------- ---------- -------
Create_42                       2020-10-28 15:22:57.625000        NULL  100000
ReportQuotaUsage_1_45300_0_1    2020-10-28 15:39:10.312000           1       0
ReportQuotaUsage_2_48052_30_1   2020-10-28 15:39:10.773000           1     -30
ReportQuotaUsage_3_219553_48_1  2020-10-28 15:39:37.481000           1     -48
ReportQuotaUsage_4_228706_0_0   2020-10-28 15:39:38.896000           0       0
AddCreditAtInterval_5_285040_178 2020-10-28 15:39:47.438000        NULL     178
ReportQuotaUsage_6_302548_42_0  2020-10-28 15:39:50.067000           0       0
ReportQuotaUsage_7_337331_44_1  2020-10-28 15:39:55.392000           1     -44
ReportQuotaUsage_8_390395_33_1  2020-10-28 15:40:03.503000           1     -33
ReportQuotaUsage_9_669628_37_0  2020-10-28 15:40:48.279000           0       0
AddCreditAtInterval_10_754590_256 2020-10-28 15:41:02.145000        NULL     256
ReportQuotaUsage_11_855182_15_0 2020-10-28 15:41:18.461000           0       0
ReportQuotaUsage_12_997062_0_4  2020-10-28 15:41:41.121000           4       0

2020-10-28 15:41:53:
USERID  BALANCE 
------- --------
     42   100901

2020-10-28 15:41:53:Show amount of credit currently reserved for products...
2020-10-28 15:41:53:
PRODUCTID  PRODUCTNAME                     ALLOCATED_UNITS  VALUE_AT_RISK 
---------- ------------------------------- ---------------- --------------
         0 Our Web Site                            12600221              0
         1 SMS messages                            12391165       12391165
         2 Domestic Internet Access per GB         11968686      239373720
         3 Roaming Internet Access per GB          10870132     3717585144
         4 Domestic calls per minute               12311506       36934518

2020-10-28 15:41:53:Show total credit held by system...
2020-10-28 15:41:53:
BALANCE     
------------
 96691124497

2020-10-28 15:41:57:Transaction 1100001
2020-10-28 15:42:03:1134107 transactions done...
2020-10-28 15:42:03:All entries in queue, waiting for it to drain...
2020-10-28 15:42:03:Queue drained...
2020-10-28 15:42:03:processed 6 entries per ms while doing transactions...
2020-10-28 15:42:03:45 events where a tx was in flgiht were observed
2020-10-28 15:42:03:Waiting 10 seconds - if we are using XDCR we need to wait for remote transactions to reach us
2020-10-28 15:42:13:GREPABLE SUMMARY:6:6:0:1:1:0:0:0:0:0:0:1:1:9:0:1:1:
2020-10-28 15:42:13:Closing connection...
2020-10-28 15:42:13:Stats Histogram:
2020-10-28 15:42:13:{AddCredit=AddCredit 
 Reports=          186771 Average=               1, Total=         133,720, 50%=               0, 95%=               1, 99%=               1, 99.5%=               1, 99.95%=               1, Max=              59
0	73772.0	AddCredit
1	105457.0	AddCredit
2	4756.0	AddCredit
3	854.0	AddCredit
4	466.0	AddCredit
5	328.0	AddCredit
6	219.0	AddCredit
7	178.0	AddCredit
8	158.0	AddCredit
9	88.0	AddCredit
10	85.0	AddCredit
11	66.0	AddCredit
12	73.0	AddCredit
13	50.0	AddCredit
14	38.0	AddCredit
15	26.0	AddCredit
16	18.0	AddCredit
17	17.0	AddCredit
18	12.0	AddCredit
19	14.0	AddCredit
20	12.0	AddCredit
21	8.0	AddCredit
22	4.0	AddCredit
23	3.0	AddCredit
24	3.0	AddCredit
25	3.0	AddCredit
26	2.0	AddCredit
27	7.0	AddCredit
28	1.0	AddCredit
29	1.0	AddCredit
30	4.0	AddCredit
31	6.0	AddCredit
32	2.0	AddCredit
33	5.0	AddCredit
34	4.0	AddCredit
35	3.0	AddCredit
36	3.0	AddCredit
38	2.0	AddCredit
39	2.0	AddCredit
40	1.0	AddCredit
41	6.0	AddCredit
42	4.0	AddCredit
43	2.0	AddCredit
44	1.0	AddCredit
45	1.0	AddCredit
46	2.0	AddCredit
48	1.0	AddCredit
52	1.0	AddCredit
58	1.0	AddCredit
59	1.0	AddCredit
, UpdateSession= 
 Reports=               0 Average=             NaN, Total=               0, 50%=               0, 95%=               0, 99%=               0, 99.5%=               0, 99.95%=               0, Max=               0
, showCurrentAllocations=showCurrentAllocations 
 Reports=              18 Average=               1, Total=              25, 50%=               1, 95%=               9, 99%=               9, 99.5%=               9, 99.95%=               9, Max=               9
0	3.0	
1	12.0	
2	2.0	
9	1.0	
, ReportQuotaUsage=ReportQuotaUsage 
 Reports=          519059 Average=               1, Total=         413,461, 50%=               1, 95%=               1, 99%=               1, 99.5%=               1, 99.95%=               1, Max=              57
0	169925.0	
1	322041.0	
2	18931.0	
3	2765.0	
4	1354.0	
5	946.0	
6	611.0	
7	510.0	
8	357.0	
9	278.0	
10	241.0	
11	171.0	
12	144.0	
13	145.0	
14	94.0	
15	94.0	
16	59.0	
17	35.0	
18	37.0	
19	36.0	
20	33.0	
21	22.0	
22	11.0	
23	9.0	
24	13.0	
25	12.0	
26	11.0	
27	9.0	
28	8.0	
29	8.0	
30	6.0	
31	10.0	
32	2.0	
33	12.0	
34	14.0	
35	6.0	
36	10.0	
37	11.0	
38	8.0	
39	4.0	
40	10.0	
41	6.0	
42	8.0	
43	5.0	
44	9.0	
45	6.0	
46	2.0	
47	5.0	
48	1.0	
49	5.0	
51	2.0	
52	1.0	
53	1.0	
55	1.0	
57	4.0	
, getTotalBalance=getTotalBalance 
 Reports=              18 Average=               1, Total=              16, 50%=               1, 95%=               1, 99%=               1, 99.5%=               1, 99.95%=               1, Max=               2
0	4.0	
1	12.0	
2	2.0	
, GetUser=GetUser 
 Reports=              18 Average=               0, Total=               8, 50%=               0, 95%=               0, 99%=               0, 99.5%=               0, 99.95%=               0, Max=               2
0	11.0	
1	6.0	
2	1.0	
}
{}
{}
