java -jar ../jars/voltdb-chargingdemo-client.jar localhost 100000 0 16 TRANSACTIONS 10 180 10 100000 5
2020-08-26 08:52:30:Parameters:[localhost, 100000, 0, 16, TRANSACTIONS, 10, 180, 10, 100000, 5]
2020-08-26 08:52:30:Logging into VoltDB
2020-08-26 08:52:30:Connect to localhost...
2020-08-26 08:52:30:Procedure product_table.UPSERT was not found
java -jar ../jars/voltdb-chargingdemo-client.jar 192.168.0.20 100000 0 1 TRANSACTIONS 10 180 10 100000 5
2020-08-26 10:06:52:Parameters:[192.168.0.20, 100000, 0, 1, TRANSACTIONS, 10, 180, 10, 100000, 5]
2020-08-26 10:06:52:Logging into VoltDB
2020-08-26 10:06:52:Connect to 192.168.0.20...
2020-08-26 10:06:52:Connection refused
2020-08-26 10:06:52:No connections.
java -jar ../jars/voltdb-chargingdemo-client.jar 192.168.0.20 100000 100000 1 TRANSACTIONS 10 180 10 100000 5
2020-08-26 10:06:52:Parameters:[192.168.0.20, 100000, 100000, 1, TRANSACTIONS, 10, 180, 10, 100000, 5]
2020-08-26 10:06:52:Logging into VoltDB
2020-08-26 10:06:52:Connect to 192.168.0.20...
2020-08-26 10:06:52:Connection refused
2020-08-26 10:06:53:No connections.
java -jar ../jars/voltdb-chargingdemo-client.jar 192.168.0.20 100000 200000 1 TRANSACTIONS 10 180 10 100000 5
2020-08-26 10:06:52:Parameters:[192.168.0.20, 100000, 200000, 1, TRANSACTIONS, 10, 180, 10, 100000, 5]
2020-08-26 10:06:52:Logging into VoltDB
2020-08-26 10:06:52:Connect to 192.168.0.20...
2020-08-26 10:06:53:Connection refused
2020-08-26 10:06:53:No connections.
java -jar ../jars/voltdb-chargingdemo-client.jar 192.168.0.20 100000 300000 1 TRANSACTIONS 10 180 10 100000 5
2020-08-26 10:06:52:Parameters:[192.168.0.20, 100000, 300000, 1, TRANSACTIONS, 10, 180, 10, 100000, 5]
2020-08-26 10:06:52:Logging into VoltDB
2020-08-26 10:06:53:Connect to 192.168.0.20...
2020-08-26 10:06:53:Connection refused
2020-08-26 10:06:53:No connections.
java -jar ../jars/voltdb-chargingdemo-client.jar 192.168.0.20 100000 400000 1 TRANSACTIONS 10 180 10 100000 5
2020-08-26 10:06:52:Parameters:[192.168.0.20, 100000, 400000, 1, TRANSACTIONS, 10, 180, 10, 100000, 5]
2020-08-26 10:06:52:Logging into VoltDB
2020-08-26 10:06:53:Connect to 192.168.0.20...
2020-08-26 10:06:53:Connection refused
2020-08-26 10:06:53:No connections.
java -jar ../jars/voltdb-chargingdemo-client.jar 192.168.0.20 100000 500000 1 TRANSACTIONS 10 180 10 100000 5
2020-08-26 10:06:52:Parameters:[192.168.0.20, 100000, 500000, 1, TRANSACTIONS, 10, 180, 10, 100000, 5]
2020-08-26 10:06:52:Logging into VoltDB
2020-08-26 10:06:53:Connect to 192.168.0.20...
2020-08-26 10:06:53:Connection refused
2020-08-26 10:06:53:No connections.
java -jar ../jars/voltdb-chargingdemo-client.jar 192.168.0.20 100000 600000 1 TRANSACTIONS 10 180 10 100000 5
2020-08-26 10:06:52:Parameters:[192.168.0.20, 100000, 600000, 1, TRANSACTIONS, 10, 180, 10, 100000, 5]
2020-08-26 10:06:52:Logging into VoltDB
2020-08-26 10:06:53:Connect to 192.168.0.20...
2020-08-26 10:06:53:Connection refused
2020-08-26 10:06:53:No connections.
java -jar ../jars/voltdb-chargingdemo-client.jar 192.168.0.20 100000 700000 1 TRANSACTIONS 10 180 10 100000 5
2020-08-26 10:06:52:Parameters:[192.168.0.20, 100000, 700000, 1, TRANSACTIONS, 10, 180, 10, 100000, 5]
2020-08-26 10:06:52:Logging into VoltDB
2020-08-26 10:06:53:Connect to 192.168.0.20...
2020-08-26 10:06:53:Connection refused
2020-08-26 10:06:53:No connections.
java -jar ../jars/voltdb-chargingdemo-client.jar 192.168.0.20 100000 800000 1 TRANSACTIONS 10 180 10 100000 5
2020-08-26 10:06:52:Parameters:[192.168.0.20, 100000, 800000, 1, TRANSACTIONS, 10, 180, 10, 100000, 5]
2020-08-26 10:06:52:Logging into VoltDB
2020-08-26 10:06:53:Connect to 192.168.0.20...
2020-08-26 10:06:53:Connection refused
2020-08-26 10:06:53:No connections.
java -jar ../jars/voltdb-chargingdemo-client.jar 192.168.0.20 100000 900000 1 TRANSACTIONS 10 180 10 100000 5
2020-08-26 10:06:52:Parameters:[192.168.0.20, 100000, 900000, 1, TRANSACTIONS, 10, 180, 10, 100000, 5]
2020-08-26 10:06:52:Logging into VoltDB
2020-08-26 10:06:53:Connect to 192.168.0.20...
2020-08-26 10:06:53:Connection refused
2020-08-26 10:06:53:No connections.
java -jar ../jars/voltdb-chargingdemo-client.jar 100.26.192.42 100000 0 1 TRANSACTIONS 10 180 10 100000 5
2020-08-31 12:09:01:Parameters:[100.26.192.42, 100000, 0, 1, TRANSACTIONS, 10, 180, 10, 100000, 5]
2020-08-31 12:09:01:Logging into VoltDB
2020-08-31 12:09:02:Connect to 100.26.192.42...
2020-08-31 12:10:18:Operation timed out
2020-08-31 12:10:18:No connections.
java -jar ../jars/voltdb-chargingdemo-client.jar 100.26.192.42 100000 100000 1 TRANSACTIONS 10 180 10 100000 5
2020-08-31 12:09:01:Parameters:[100.26.192.42, 100000, 100000, 1, TRANSACTIONS, 10, 180, 10, 100000, 5]
2020-08-31 12:09:01:Logging into VoltDB
2020-08-31 12:09:02:Connect to 100.26.192.42...
2020-08-31 12:10:18:Operation timed out
2020-08-31 12:10:18:No connections.
java -jar ../jars/voltdb-chargingdemo-client.jar 100.26.192.42 100000 200000 1 TRANSACTIONS 10 180 10 100000 5
2020-08-31 12:09:01:Parameters:[100.26.192.42, 100000, 200000, 1, TRANSACTIONS, 10, 180, 10, 100000, 5]
2020-08-31 12:09:01:Logging into VoltDB
2020-08-31 12:09:02:Connect to 100.26.192.42...
2020-08-31 12:10:18:Operation timed out
2020-08-31 12:10:18:No connections.
java -jar ../jars/voltdb-chargingdemo-client.jar 100.26.192.42 100000 300000 1 TRANSACTIONS 10 180 10 100000 5
2020-08-31 12:09:01:Parameters:[100.26.192.42, 100000, 300000, 1, TRANSACTIONS, 10, 180, 10, 100000, 5]
2020-08-31 12:09:01:Logging into VoltDB
2020-08-31 12:09:02:Connect to 100.26.192.42...
2020-08-31 12:10:18:Operation timed out
2020-08-31 12:10:19:No connections.
java -jar ../jars/voltdb-chargingdemo-client.jar 100.26.192.42 100000 400000 1 TRANSACTIONS 10 180 10 100000 5
2020-08-31 12:09:01:Parameters:[100.26.192.42, 100000, 400000, 1, TRANSACTIONS, 10, 180, 10, 100000, 5]
2020-08-31 12:09:01:Logging into VoltDB
2020-08-31 12:09:02:Connect to 100.26.192.42...
2020-08-31 12:10:19:Operation timed out
2020-08-31 12:10:19:No connections.
java -jar ../jars/voltdb-chargingdemo-client.jar 100.26.192.42 100000 500000 1 TRANSACTIONS 10 180 10 100000 5
2020-08-31 12:09:01:Parameters:[100.26.192.42, 100000, 500000, 1, TRANSACTIONS, 10, 180, 10, 100000, 5]
2020-08-31 12:09:01:Logging into VoltDB
2020-08-31 12:09:02:Connect to 100.26.192.42...
2020-08-31 12:10:19:Operation timed out
2020-08-31 12:10:19:No connections.
java -jar ../jars/voltdb-chargingdemo-client.jar 100.26.192.42 100000 600000 1 TRANSACTIONS 10 180 10 100000 5
2020-08-31 12:09:01:Parameters:[100.26.192.42, 100000, 600000, 1, TRANSACTIONS, 10, 180, 10, 100000, 5]
2020-08-31 12:09:01:Logging into VoltDB
2020-08-31 12:09:02:Connect to 100.26.192.42...
2020-08-31 12:10:19:Operation timed out
2020-08-31 12:10:19:No connections.
java -jar ../jars/voltdb-chargingdemo-client.jar 100.26.192.42 100000 700000 1 TRANSACTIONS 10 180 10 100000 5
2020-08-31 12:09:01:Parameters:[100.26.192.42, 100000, 700000, 1, TRANSACTIONS, 10, 180, 10, 100000, 5]
2020-08-31 12:09:01:Logging into VoltDB
2020-08-31 12:09:02:Connect to 100.26.192.42...
2020-08-31 12:10:19:Operation timed out
2020-08-31 12:10:19:No connections.
java -jar ../jars/voltdb-chargingdemo-client.jar 100.26.192.42 100000 800000 1 TRANSACTIONS 10 180 10 100000 5
2020-08-31 12:09:01:Parameters:[100.26.192.42, 100000, 800000, 1, TRANSACTIONS, 10, 180, 10, 100000, 5]
2020-08-31 12:09:01:Logging into VoltDB
2020-08-31 12:09:02:Connect to 100.26.192.42...
2020-08-31 12:10:19:Operation timed out
2020-08-31 12:10:19:No connections.
java -jar ../jars/voltdb-chargingdemo-client.jar 100.26.192.42 100000 900000 1 TRANSACTIONS 10 180 10 100000 5
2020-08-31 12:09:01:Parameters:[100.26.192.42, 100000, 900000, 1, TRANSACTIONS, 10, 180, 10, 100000, 5]
2020-08-31 12:09:01:Logging into VoltDB
2020-08-31 12:09:02:Connect to 100.26.192.42...
2020-08-31 12:10:19:Operation timed out
2020-08-31 12:10:19:No connections.
java -jar ../jars/voltdb-chargingdemo-client.jar localhost 100000 0 16 TRANSACTIONS 10 180 10 100000 5
2020-10-30 18:32:44:Parameters:[localhost, 100000, 0, 16, TRANSACTIONS, 10, 180, 10, 100000, 5]
2020-10-30 18:32:44:Logging into VoltDB
2020-10-30 18:32:45:Connect to localhost...
2020-10-30 18:32:45:Transaction 1
2020-10-30 18:32:45:Query user #42...
2020-10-30 18:32:45:Error Code VOLTDB ERROR: UNEXPECTED FAILURE: java.lang.NullPointerException

2020-10-30 18:32:45:
USERID  USER_JSON_OBJECT  USER_LAST_SEEN              USER_SOFTLOCK_SESSIONID  USER_SOFTLOCK_EXPIRY  USER_OWNING_CLUSTER  USER_VALIDATED_BALANCE  USER_VALIDATED_BALANCE_TIMESTAMP 
------- ----------------- --------------------------- ------------------------ --------------------- -------------------- ----------------------- ---------------------------------
     42 { "payload":"" }  2020-10-30 18:14:36.433000                      NULL NULL                                     0                       0 2020-10-30 18:14:35.440000       

2020-10-30 18:32:45:
USERID  PRODUCTID  ALLOCATED_UNITS  SESSIONID  CLUSTERID  LASTDATE 
------- ---------- ---------------- ---------- ---------- ---------

2020-10-30 18:32:45:
USERID  USER_TXN_ID  REPLACE_USER_TXN_ID  CLUSTERID  TXN_TIME                    PRODUCTID  AMOUNT  PURPOSE 
------- ------------ -------------------- ---------- --------------------------- ---------- ------- --------
     42 Create_42    NULL                          0 2020-10-30 18:14:36.440000        NULL  100000 NULL    

2020-10-30 18:32:45:Show amount of credit currently reserved for products...
2020-10-30 18:32:45:
PRODUCTID  PRODUCTNAME  ALLOCATED_UNITS  VALUE_AT_RISK 
---------- ------------ ---------------- --------------

2020-10-30 18:32:45:Show total credit held by system...
2020-10-30 18:32:45:Procedure getTotalBalance was not found
java -jar ../jars/voltdb-chargingdemo-client.jar localhost 100000 0 16 TRANSACTIONS 10 180 10 100000 5
2020-11-04 09:53:49:Parameters:[localhost, 100000, 0, 16, TRANSACTIONS, 10, 180, 10, 100000, 5]
2020-11-04 09:53:49:Logging into VoltDB
2020-11-04 09:53:49:Connect to localhost...
2020-11-04 09:53:49:Transaction 1
2020-11-04 09:53:49:Query user #42...
2020-11-04 09:53:49:
USERID  USER_JSON_OBJECT  USER_LAST_SEEN              USER_SOFTLOCK_SESSIONID  USER_SOFTLOCK_EXPIRY 
------- ----------------- --------------------------- ------------------------ ---------------------
     42 { "payload":"" }  2020-11-04 09:34:15.101000                      NULL NULL                 

2020-11-04 09:53:49:
USERID  TRAN_COUNT  BALANCE 
------- ----------- --------
     42         100    46100

2020-11-04 09:53:49:
USERID  PRODUCTID  ALLOCATED_UNITS  SESSIONID  LASTDATE 
------- ---------- ---------------- ---------- ---------

2020-11-04 09:53:49:
USER_TXN_ID  TXN_TIME                    PRODUCTID  AMOUNT 
------------ --------------------------- ---------- -------
Create_42    2020-11-04 09:34:15.121000        NULL  100000

2020-11-04 09:53:49:
USERID  BALANCE 
------- --------

2020-11-04 09:53:49:Show amount of credit currently reserved for products...
2020-11-04 09:53:49:
PRODUCTID  PRODUCTNAME                     ALLOCATED_UNITS  VALUE_AT_RISK 
---------- ------------------------------- ---------------- --------------
         2 Domestic Internet Access per GB               77           1540

2020-11-04 09:53:49:Show total credit held by system...
2020-11-04 09:53:49:
BALANCE    
-----------
 2678655151

2020-11-04 09:53:56:Transaction 100001
2020-11-04 09:53:59:Query user #42...
2020-11-04 09:53:59:
USERID  USER_JSON_OBJECT  USER_LAST_SEEN              USER_SOFTLOCK_SESSIONID  USER_SOFTLOCK_EXPIRY 
------- ----------------- --------------------------- ------------------------ ---------------------
     42 { "payload":"" }  2020-11-04 09:34:15.101000                      NULL NULL                 

2020-11-04 09:53:59:
USERID  TRAN_COUNT  BALANCE 
------- ----------- --------
     42         102    46268

2020-11-04 09:53:59:
USERID  PRODUCTID  ALLOCATED_UNITS  SESSIONID            LASTDATE                   
------- ---------- ---------------- -------------------- ---------------------------
     42          0               90                   52 2020-11-04 09:53:51.716000 
     42          0               52  3400221854449811459 2020-11-04 09:53:51.584000 
     42          1               66  3400221879263313923 2020-11-04 09:53:54.542000 
     42          3               70  3400221859415851011 2020-11-04 09:53:52.176000 

2020-11-04 09:53:59:
USER_TXN_ID                     TXN_TIME                    PRODUCTID  AMOUNT 
------------------------------- --------------------------- ---------- -------
Create_42                       2020-11-04 09:34:15.121000        NULL  100000
ReportQuotaUsage_1_21372_0_0    2020-11-04 09:53:51.584000           0       0
ReportQuotaUsage_2_23344_40_0   2020-11-04 09:53:51.716000           0       0
ReportQuotaUsage_3_30086_0_3    2020-11-04 09:53:52.176000           3       0
ReportQuotaUsage_4_64977_0_1    2020-11-04 09:53:54.542000           1       0
AddCreditAtInterval_5_132962_168 2020-11-04 09:53:59.187000        NULL     168

2020-11-04 09:53:59:
USERID  BALANCE 
------- --------
     42    22262

2020-11-04 09:53:59:Show amount of credit currently reserved for products...
2020-11-04 09:53:59:
PRODUCTID  PRODUCTNAME                     ALLOCATED_UNITS  VALUE_AT_RISK 
---------- ------------------------------- ---------------- --------------
         0 Our Web Site                             2005188              0
         1 SMS messages                             2009840        2009840
         2 Domestic Internet Access per GB          1897736       37954720
         3 Roaming Internet Access per GB           1461310      499768020
         4 Domestic calls per minute                1962306        5886918

2020-11-04 09:53:59:Show total credit held by system...
2020-11-04 09:53:59:
BALANCE    
-----------
 2651424868

2020-11-04 09:54:03:Transaction 200001
2020-11-04 09:54:09:Query user #42...
2020-11-04 09:54:09:
USERID  USER_JSON_OBJECT  USER_LAST_SEEN              USER_SOFTLOCK_SESSIONID  USER_SOFTLOCK_EXPIRY 
------- ----------------- --------------------------- ------------------------ ---------------------
     42 { "payload":"" }  2020-11-04 09:34:15.101000                      NULL NULL                 

2020-11-04 09:54:09:
USERID  TRAN_COUNT  BALANCE 
------- ----------- --------
     42         102    46268

2020-11-04 09:54:09:
USERID  PRODUCTID  ALLOCATED_UNITS  SESSIONID            LASTDATE                   
------- ---------- ---------------- -------------------- ---------------------------
     42          0               90                   52 2020-11-04 09:53:51.716000 
     42          0               52  3400221854449811459 2020-11-04 09:53:51.584000 
     42          1               66  3400221879263313923 2020-11-04 09:53:54.542000 
     42          2               94  3400221944971264003 2020-11-04 09:54:02.375000 
     42          3               70  3400221859415851011 2020-11-04 09:53:52.176000 
     42          4               81  3400221994958979075 2020-11-04 09:54:08.334000 

2020-11-04 09:54:09:
USER_TXN_ID                     TXN_TIME                    PRODUCTID  AMOUNT 
------------------------------- --------------------------- ---------- -------
Create_42                       2020-11-04 09:34:15.121000        NULL  100000
ReportQuotaUsage_1_21372_0_0    2020-11-04 09:53:51.584000           0       0
ReportQuotaUsage_2_23344_40_0   2020-11-04 09:53:51.716000           0       0
ReportQuotaUsage_3_30086_0_3    2020-11-04 09:53:52.176000           3       0
ReportQuotaUsage_4_64977_0_1    2020-11-04 09:53:54.542000           1       0
AddCreditAtInterval_5_132962_168 2020-11-04 09:53:59.187000        NULL     168
ReportQuotaUsage_6_178251_0_2   2020-11-04 09:54:02.375000           2       0
ReportQuotaUsage_7_265639_0_4   2020-11-04 09:54:08.334000           4       0

2020-11-04 09:54:09:
USERID  BALANCE 
------- --------
     42    20139

2020-11-04 09:54:09:Show amount of credit currently reserved for products...
2020-11-04 09:54:09:
PRODUCTID  PRODUCTNAME                     ALLOCATED_UNITS  VALUE_AT_RISK 
---------- ------------------------------- ---------------- --------------
         0 Our Web Site                             3826408              0
         1 SMS messages                             3761251        3761251
         2 Domestic Internet Access per GB          3482408       69648160
         3 Roaming Internet Access per GB           2577297      881435574
         4 Domestic calls per minute                3665988       10997964

2020-11-04 09:54:09:Show total credit held by system...
2020-11-04 09:54:09:
BALANCE    
-----------
 2595375096

2020-11-04 09:54:10:Transaction 300001
2020-11-04 09:54:17:Transaction 400001
2020-11-04 09:54:19:Query user #42...
2020-11-04 09:54:19:
USERID  USER_JSON_OBJECT  USER_LAST_SEEN              USER_SOFTLOCK_SESSIONID  USER_SOFTLOCK_EXPIRY 
------- ----------------- --------------------------- ------------------------ ---------------------
     42 { "payload":"" }  2020-11-04 09:34:15.101000                      NULL NULL                 

2020-11-04 09:54:19:
USERID  TRAN_COUNT  BALANCE 
------- ----------- --------
     42         106    33932

2020-11-04 09:54:19:
USERID  PRODUCTID  ALLOCATED_UNITS  SESSIONID            LASTDATE                   
------- ---------- ---------------- -------------------- ---------------------------
     42          0               90                   52 2020-11-04 09:53:51.716000 
     42          0               52  3400221854449811459 2020-11-04 09:53:51.584000 
     42          1               64                   66 2020-11-04 09:54:15.988000 
     42          1               66  3400221879263313923 2020-11-04 09:53:54.542000 
     42          2               94  3400221944971264003 2020-11-04 09:54:02.375000 
     42          3               24                   70 2020-11-04 09:54:13.594000 
     42          3               70  3400221859415851011 2020-11-04 09:53:52.176000 
     42          4               81  3400221994958979075 2020-11-04 09:54:08.334000 

2020-11-04 09:54:19:
USER_TXN_ID                     TXN_TIME                    PRODUCTID  AMOUNT 
------------------------------- --------------------------- ---------- -------
Create_42                       2020-11-04 09:34:15.121000        NULL  100000
ReportQuotaUsage_1_21372_0_0    2020-11-04 09:53:51.584000           0       0
ReportQuotaUsage_2_23344_40_0   2020-11-04 09:53:51.716000           0       0
ReportQuotaUsage_3_30086_0_3    2020-11-04 09:53:52.176000           3       0
ReportQuotaUsage_4_64977_0_1    2020-11-04 09:53:54.542000           1       0
AddCreditAtInterval_5_132962_168 2020-11-04 09:53:59.187000        NULL     168
ReportQuotaUsage_6_178251_0_2   2020-11-04 09:54:02.375000           2       0
ReportQuotaUsage_7_265639_0_4   2020-11-04 09:54:08.334000           4       0
ReportQuotaUsage_8_337864_34_3  2020-11-04 09:54:13.594000           3  -11628
ReportQuotaUsage_9_371892_41_1  2020-11-04 09:54:15.988000           1     -41
AddCreditAtInterval_10_372624_153 2020-11-04 09:54:16.036000        NULL     153
ReportQuotaUsage_11_407625_41_2 2020-11-04 09:54:18.449000           2    -820
ReportQuotaUsage_12_417817_0_2  2020-11-04 09:54:19.140000           2       0

2020-11-04 09:54:19:
USERID  BALANCE 
------- --------
     42     -469

2020-11-04 09:54:19:Show amount of credit currently reserved for products...
2020-11-04 09:54:19:
PRODUCTID  PRODUCTNAME                     ALLOCATED_UNITS  VALUE_AT_RISK 
---------- ------------------------------- ---------------- --------------
         0 Our Web Site                             5302641              0
         1 SMS messages                             5148908        5148908
         2 Domestic Internet Access per GB          4669483       93389660
         3 Roaming Internet Access per GB           3345053     1144008126
         4 Domestic calls per minute                4976557       14929671

2020-11-04 09:54:19:Show total credit held by system...
2020-11-04 09:54:19:
BALANCE    
-----------
 2532833171

2020-11-04 09:54:25:Transaction 500001
2020-11-04 09:54:29:Query user #42...
2020-11-04 09:54:29:
USERID  USER_JSON_OBJECT  USER_LAST_SEEN              USER_SOFTLOCK_SESSIONID  USER_SOFTLOCK_EXPIRY 
------- ----------------- --------------------------- ------------------------ ---------------------
     42 { "payload":"" }  2020-11-04 09:34:15.101000                      NULL NULL                 

2020-11-04 09:54:29:
USERID  TRAN_COUNT  BALANCE 
------- ----------- --------
     42         107    33932

2020-11-04 09:54:29:
USERID  PRODUCTID  ALLOCATED_UNITS  SESSIONID            LASTDATE                   
------- ---------- ---------------- -------------------- ---------------------------
     42          0               90                   52 2020-11-04 09:53:51.716000 
     42          0               52  3400221854449811459 2020-11-04 09:53:51.584000 
     42          1               64                   66 2020-11-04 09:54:15.988000 
     42          1               66  3400221879263313923 2020-11-04 09:53:54.542000 
     42          2               94  3400221944971264003 2020-11-04 09:54:02.375000 
     42          3               24                   70 2020-11-04 09:54:13.594000 
     42          3               70  3400221859415851011 2020-11-04 09:53:52.176000 
     42          4               81  3400221994958979075 2020-11-04 09:54:08.334000 

2020-11-04 09:54:29:
USER_TXN_ID                     TXN_TIME                    PRODUCTID  AMOUNT 
------------------------------- --------------------------- ---------- -------
Create_42                       2020-11-04 09:34:15.121000        NULL  100000
ReportQuotaUsage_1_21372_0_0    2020-11-04 09:53:51.584000           0       0
ReportQuotaUsage_2_23344_40_0   2020-11-04 09:53:51.716000           0       0
ReportQuotaUsage_3_30086_0_3    2020-11-04 09:53:52.176000           3       0
ReportQuotaUsage_4_64977_0_1    2020-11-04 09:53:54.542000           1       0
AddCreditAtInterval_5_132962_168 2020-11-04 09:53:59.187000        NULL     168
ReportQuotaUsage_6_178251_0_2   2020-11-04 09:54:02.375000           2       0
ReportQuotaUsage_7_265639_0_4   2020-11-04 09:54:08.334000           4       0
ReportQuotaUsage_8_337864_34_3  2020-11-04 09:54:13.594000           3  -11628
ReportQuotaUsage_9_371892_41_1  2020-11-04 09:54:15.988000           1     -41
AddCreditAtInterval_10_372624_153 2020-11-04 09:54:16.036000        NULL     153
ReportQuotaUsage_11_407625_41_2 2020-11-04 09:54:18.449000           2    -820
ReportQuotaUsage_12_417817_0_2  2020-11-04 09:54:19.140000           2       0
ReportQuotaUsage_13_442601_47_0 2020-11-04 09:54:20.963000           0       0

2020-11-04 09:54:29:
USERID  BALANCE 
------- --------
     42     -469

2020-11-04 09:54:29:Show amount of credit currently reserved for products...
2020-11-04 09:54:29:
PRODUCTID  PRODUCTNAME                     ALLOCATED_UNITS  VALUE_AT_RISK 
---------- ------------------------------- ---------------- --------------
         0 Our Web Site                             6477784              0
         1 SMS messages                             6234890        6234890
         2 Domestic Internet Access per GB          5541186      110823720
         3 Roaming Internet Access per GB           3882411     1327784562
         4 Domestic calls per minute                6010743       18032229

2020-11-04 09:54:29:Show total credit held by system...
2020-11-04 09:54:29:
BALANCE    
-----------
 2470367185

2020-11-04 09:54:33:Transaction 600001
2020-11-04 09:54:39:Query user #42...
2020-11-04 09:54:39:
USERID  USER_JSON_OBJECT  USER_LAST_SEEN              USER_SOFTLOCK_SESSIONID  USER_SOFTLOCK_EXPIRY 
------- ----------------- --------------------------- ------------------------ ---------------------
     42 { "payload":"" }  2020-11-04 09:34:15.101000                      NULL NULL                 

2020-11-04 09:54:39:
USERID  TRAN_COUNT  BALANCE 
------- ----------- --------
     42         109    34185

2020-11-04 09:54:39:
USERID  PRODUCTID  ALLOCATED_UNITS  SESSIONID            LASTDATE                   
------- ---------- ---------------- -------------------- ---------------------------
     42          0               90                   52 2020-11-04 09:53:51.716000 
     42          0               52  3400221854449811459 2020-11-04 09:53:51.584000 
     42          1               64                   66 2020-11-04 09:54:15.988000 
     42          1               66  3400221879263313923 2020-11-04 09:53:54.542000 
     42          2               94  3400221944971264003 2020-11-04 09:54:02.375000 
     42          3               24                   70 2020-11-04 09:54:13.594000 
     42          3               70  3400221859415851011 2020-11-04 09:53:52.176000 
     42          4               81  3400221994958979075 2020-11-04 09:54:08.334000 

2020-11-04 09:54:39:
USER_TXN_ID                     TXN_TIME                    PRODUCTID  AMOUNT 
------------------------------- --------------------------- ---------- -------
Create_42                       2020-11-04 09:34:15.121000        NULL  100000
ReportQuotaUsage_1_21372_0_0    2020-11-04 09:53:51.584000           0       0
ReportQuotaUsage_2_23344_40_0   2020-11-04 09:53:51.716000           0       0
ReportQuotaUsage_3_30086_0_3    2020-11-04 09:53:52.176000           3       0
ReportQuotaUsage_4_64977_0_1    2020-11-04 09:53:54.542000           1       0
AddCreditAtInterval_5_132962_168 2020-11-04 09:53:59.187000        NULL     168
ReportQuotaUsage_6_178251_0_2   2020-11-04 09:54:02.375000           2       0
ReportQuotaUsage_7_265639_0_4   2020-11-04 09:54:08.334000           4       0
ReportQuotaUsage_8_337864_34_3  2020-11-04 09:54:13.594000           3  -11628
ReportQuotaUsage_9_371892_41_1  2020-11-04 09:54:15.988000           1     -41
AddCreditAtInterval_10_372624_153 2020-11-04 09:54:16.036000        NULL     153
ReportQuotaUsage_11_407625_41_2 2020-11-04 09:54:18.449000           2    -820
ReportQuotaUsage_12_417817_0_2  2020-11-04 09:54:19.140000           2       0
ReportQuotaUsage_13_442601_47_0 2020-11-04 09:54:20.963000           0       0
ReportQuotaUsage_14_578995_34_4 2020-11-04 09:54:32.106000           4    -102
AddCreditAtInterval_15_606349_355 2020-11-04 09:54:34.097000        NULL     355
ReportQuotaUsage_16_633338_0_2  2020-11-04 09:54:36.088000           2       0
ReportQuotaUsage_17_642002_0_2  2020-11-04 09:54:36.798000           2       0

2020-11-04 09:54:39:
USERID  BALANCE 
------- --------
     42     -216

2020-11-04 09:54:39:Show amount of credit currently reserved for products...
2020-11-04 09:54:39:
PRODUCTID  PRODUCTNAME                     ALLOCATED_UNITS  VALUE_AT_RISK 
---------- ------------------------------- ---------------- --------------
         0 Our Web Site                             7591606              0
         1 SMS messages                             7255586        7255586
         2 Domestic Internet Access per GB          6328406      126568120
         3 Roaming Internet Access per GB           4333299     1481988258
         4 Domestic calls per minute                6971881       20915643

2020-11-04 09:54:39:Show total credit held by system...
2020-11-04 09:54:39:
BALANCE    
-----------
 2402948117

2020-11-04 09:54:40:Transaction 700001
2020-11-04 09:54:47:Transaction 800001
2020-11-04 09:54:49:Query user #42...
2020-11-04 09:54:49:
USERID  USER_JSON_OBJECT  USER_LAST_SEEN              USER_SOFTLOCK_SESSIONID  USER_SOFTLOCK_EXPIRY 
------- ----------------- --------------------------- ------------------------ ---------------------
     42 { "payload":"" }  2020-11-04 09:34:15.101000                      NULL NULL                 

2020-11-04 09:54:49:
USERID  TRAN_COUNT  BALANCE 
------- ----------- --------
     42         110    34142

2020-11-04 09:54:49:
USERID  PRODUCTID  ALLOCATED_UNITS  SESSIONID            LASTDATE                   
------- ---------- ---------------- -------------------- ---------------------------
     42          0               90                   52 2020-11-04 09:53:51.716000 
     42          0               52  3400221854449811459 2020-11-04 09:53:51.584000 
     42          1               64                   66 2020-11-04 09:54:15.988000 
     42          1               66  3400221879263313923 2020-11-04 09:53:54.542000 
     42          2               94  3400221944971264003 2020-11-04 09:54:02.375000 
     42          3               24                   70 2020-11-04 09:54:13.594000 
     42          3               70  3400221859415851011 2020-11-04 09:53:52.176000 
     42          4               81  3400221994958979075 2020-11-04 09:54:08.334000 

2020-11-04 09:54:49:
USER_TXN_ID                     TXN_TIME                    PRODUCTID  AMOUNT 
------------------------------- --------------------------- ---------- -------
Create_42                       2020-11-04 09:34:15.121000        NULL  100000
ReportQuotaUsage_1_21372_0_0    2020-11-04 09:53:51.584000           0       0
ReportQuotaUsage_2_23344_40_0   2020-11-04 09:53:51.716000           0       0
ReportQuotaUsage_3_30086_0_3    2020-11-04 09:53:52.176000           3       0
ReportQuotaUsage_4_64977_0_1    2020-11-04 09:53:54.542000           1       0
AddCreditAtInterval_5_132962_168 2020-11-04 09:53:59.187000        NULL     168
ReportQuotaUsage_6_178251_0_2   2020-11-04 09:54:02.375000           2       0
ReportQuotaUsage_7_265639_0_4   2020-11-04 09:54:08.334000           4       0
ReportQuotaUsage_8_337864_34_3  2020-11-04 09:54:13.594000           3  -11628
ReportQuotaUsage_9_371892_41_1  2020-11-04 09:54:15.988000           1     -41
AddCreditAtInterval_10_372624_153 2020-11-04 09:54:16.036000        NULL     153
ReportQuotaUsage_11_407625_41_2 2020-11-04 09:54:18.449000           2    -820
ReportQuotaUsage_12_417817_0_2  2020-11-04 09:54:19.140000           2       0
ReportQuotaUsage_13_442601_47_0 2020-11-04 09:54:20.963000           0       0
ReportQuotaUsage_14_578995_34_4 2020-11-04 09:54:32.106000           4    -102
AddCreditAtInterval_15_606349_355 2020-11-04 09:54:34.097000        NULL     355
ReportQuotaUsage_16_633338_0_2  2020-11-04 09:54:36.088000           2       0
ReportQuotaUsage_17_642002_0_2  2020-11-04 09:54:36.798000           2       0
ReportQuotaUsage_18_718262_43_1 2020-11-04 09:54:42.158000           1     -43
ReportQuotaUsage_19_728866_0_2  2020-11-04 09:54:42.879000           2       0

2020-11-04 09:54:49:
USERID  BALANCE 
------- --------
     42     -259

2020-11-04 09:54:49:Show amount of credit currently reserved for products...
2020-11-04 09:54:49:
PRODUCTID  PRODUCTNAME                     ALLOCATED_UNITS  VALUE_AT_RISK 
---------- ------------------------------- ---------------- --------------
         0 Our Web Site                             8692022              0
         1 SMS messages                             8242569        8242569
         2 Domestic Internet Access per GB          7070320      141406400
         3 Roaming Internet Access per GB           4749259     1624246578
         4 Domestic calls per minute                7885763       23657289

2020-11-04 09:54:49:Show total credit held by system...
2020-11-04 09:54:49:
BALANCE    
-----------
 2329722925

2020-11-04 09:54:54:Transaction 900001
2020-11-04 09:54:59:Query user #42...
2020-11-04 09:54:59:
USERID  USER_JSON_OBJECT  USER_LAST_SEEN              USER_SOFTLOCK_SESSIONID  USER_SOFTLOCK_EXPIRY 
------- ----------------- --------------------------- ------------------------ ---------------------
     42 { "payload":"" }  2020-11-04 09:34:15.101000                      NULL NULL                 

2020-11-04 09:54:59:
USERID  TRAN_COUNT  BALANCE 
------- ----------- --------
     42         110    34142

2020-11-04 09:54:59:
USERID  PRODUCTID  ALLOCATED_UNITS  SESSIONID            LASTDATE                   
------- ---------- ---------------- -------------------- ---------------------------
     42          0               90                   52 2020-11-04 09:53:51.716000 
     42          0               52  3400221854449811459 2020-11-04 09:53:51.584000 
     42          1               64                   66 2020-11-04 09:54:15.988000 
     42          1               66  3400221879263313923 2020-11-04 09:53:54.542000 
     42          2               94  3400221944971264003 2020-11-04 09:54:02.375000 
     42          3               24                   70 2020-11-04 09:54:13.594000 
     42          3               70  3400221859415851011 2020-11-04 09:53:52.176000 
     42          4               81  3400221994958979075 2020-11-04 09:54:08.334000 

2020-11-04 09:54:59:
USER_TXN_ID                     TXN_TIME                    PRODUCTID  AMOUNT 
------------------------------- --------------------------- ---------- -------
Create_42                       2020-11-04 09:34:15.121000        NULL  100000
ReportQuotaUsage_1_21372_0_0    2020-11-04 09:53:51.584000           0       0
ReportQuotaUsage_2_23344_40_0   2020-11-04 09:53:51.716000           0       0
ReportQuotaUsage_3_30086_0_3    2020-11-04 09:53:52.176000           3       0
ReportQuotaUsage_4_64977_0_1    2020-11-04 09:53:54.542000           1       0
AddCreditAtInterval_5_132962_168 2020-11-04 09:53:59.187000        NULL     168
ReportQuotaUsage_6_178251_0_2   2020-11-04 09:54:02.375000           2       0
ReportQuotaUsage_7_265639_0_4   2020-11-04 09:54:08.334000           4       0
ReportQuotaUsage_8_337864_34_3  2020-11-04 09:54:13.594000           3  -11628
ReportQuotaUsage_9_371892_41_1  2020-11-04 09:54:15.988000           1     -41
AddCreditAtInterval_10_372624_153 2020-11-04 09:54:16.036000        NULL     153
ReportQuotaUsage_11_407625_41_2 2020-11-04 09:54:18.449000           2    -820
ReportQuotaUsage_12_417817_0_2  2020-11-04 09:54:19.140000           2       0
ReportQuotaUsage_13_442601_47_0 2020-11-04 09:54:20.963000           0       0
ReportQuotaUsage_14_578995_34_4 2020-11-04 09:54:32.106000           4    -102
AddCreditAtInterval_15_606349_355 2020-11-04 09:54:34.097000        NULL     355
ReportQuotaUsage_16_633338_0_2  2020-11-04 09:54:36.088000           2       0
ReportQuotaUsage_17_642002_0_2  2020-11-04 09:54:36.798000           2       0
ReportQuotaUsage_18_718262_43_1 2020-11-04 09:54:42.158000           1     -43
ReportQuotaUsage_19_728866_0_2  2020-11-04 09:54:42.879000           2       0

2020-11-04 09:54:59:
USERID  BALANCE 
------- --------
     42     -259

2020-11-04 09:54:59:Show amount of credit currently reserved for products...
2020-11-04 09:54:59:
PRODUCTID  PRODUCTNAME                     ALLOCATED_UNITS  VALUE_AT_RISK 
---------- ------------------------------- ---------------- --------------
         0 Our Web Site                             9631424              0
         1 SMS messages                             9098654        9098654
         2 Domestic Internet Access per GB          7654917      153098340
         3 Roaming Internet Access per GB           5077904     1736643168
         4 Domestic calls per minute                8650982       25952946

2020-11-04 09:54:59:Show total credit held by system...
2020-11-04 09:54:59:
BALANCE    
-----------
 2259518509

2020-11-04 09:55:01:Transaction 1000001
2020-11-04 09:55:08:Transaction 1100001
2020-11-04 09:55:09:Query user #42...
2020-11-04 09:55:09:
USERID  USER_JSON_OBJECT  USER_LAST_SEEN              USER_SOFTLOCK_SESSIONID  USER_SOFTLOCK_EXPIRY 
------- ----------------- --------------------------- ------------------------ ---------------------
     42 { "payload":"" }  2020-11-04 09:34:15.101000                      NULL NULL                 

2020-11-04 09:55:09:
USERID  TRAN_COUNT  BALANCE 
------- ----------- --------
     42         111    34446

2020-11-04 09:55:09:
USERID  PRODUCTID  ALLOCATED_UNITS  SESSIONID            LASTDATE                   
------- ---------- ---------------- -------------------- ---------------------------
     42          0               90                   52 2020-11-04 09:53:51.716000 
     42          0               52  3400221854449811459 2020-11-04 09:53:51.584000 
     42          1               64                   66 2020-11-04 09:54:15.988000 
     42          1               66  3400221879263313923 2020-11-04 09:53:54.542000 
     42          2               94  3400221944971264003 2020-11-04 09:54:02.375000 
     42          3               24                   70 2020-11-04 09:54:13.594000 
     42          3               70  3400221859415851011 2020-11-04 09:53:52.176000 
     42          4               81  3400221994958979075 2020-11-04 09:54:08.334000 

2020-11-04 09:55:09:
USER_TXN_ID                     TXN_TIME                    PRODUCTID  AMOUNT 
------------------------------- --------------------------- ---------- -------
Create_42                       2020-11-04 09:34:15.121000        NULL  100000
ReportQuotaUsage_1_21372_0_0    2020-11-04 09:53:51.584000           0       0
ReportQuotaUsage_2_23344_40_0   2020-11-04 09:53:51.716000           0       0
ReportQuotaUsage_3_30086_0_3    2020-11-04 09:53:52.176000           3       0
ReportQuotaUsage_4_64977_0_1    2020-11-04 09:53:54.542000           1       0
AddCreditAtInterval_5_132962_168 2020-11-04 09:53:59.187000        NULL     168
ReportQuotaUsage_6_178251_0_2   2020-11-04 09:54:02.375000           2       0
ReportQuotaUsage_7_265639_0_4   2020-11-04 09:54:08.334000           4       0
ReportQuotaUsage_8_337864_34_3  2020-11-04 09:54:13.594000           3  -11628
ReportQuotaUsage_9_371892_41_1  2020-11-04 09:54:15.988000           1     -41
AddCreditAtInterval_10_372624_153 2020-11-04 09:54:16.036000        NULL     153
ReportQuotaUsage_11_407625_41_2 2020-11-04 09:54:18.449000           2    -820
ReportQuotaUsage_12_417817_0_2  2020-11-04 09:54:19.140000           2       0
ReportQuotaUsage_13_442601_47_0 2020-11-04 09:54:20.963000           0       0
ReportQuotaUsage_14_578995_34_4 2020-11-04 09:54:32.106000           4    -102
AddCreditAtInterval_15_606349_355 2020-11-04 09:54:34.097000        NULL     355
ReportQuotaUsage_16_633338_0_2  2020-11-04 09:54:36.088000           2       0
ReportQuotaUsage_17_642002_0_2  2020-11-04 09:54:36.798000           2       0
ReportQuotaUsage_18_718262_43_1 2020-11-04 09:54:42.158000           1     -43
ReportQuotaUsage_19_728866_0_2  2020-11-04 09:54:42.879000           2       0
AddCreditAtInterval_20_1061278_304 2020-11-04 09:55:05.649000        NULL     304

2020-11-04 09:55:09:
USERID  BALANCE 
------- --------
     42       45

2020-11-04 09:55:09:Show amount of credit currently reserved for products...
2020-11-04 09:55:09:
PRODUCTID  PRODUCTNAME                     ALLOCATED_UNITS  VALUE_AT_RISK 
---------- ------------------------------- ---------------- --------------
         0 Our Web Site                            10444823              0
         1 SMS messages                             9822062        9822062
         2 Domestic Internet Access per GB          8160143      163202860
         3 Roaming Internet Access per GB           5346197     1828399374
         4 Domestic calls per minute                9318505       27955515

2020-11-04 09:55:09:Show total credit held by system...
2020-11-04 09:55:09:
BALANCE    
-----------
 2195014344

2020-11-04 09:55:15:Transaction 1200001
2020-11-04 09:55:19:Query user #42...
2020-11-04 09:55:19:
USERID  USER_JSON_OBJECT  USER_LAST_SEEN              USER_SOFTLOCK_SESSIONID  USER_SOFTLOCK_EXPIRY 
------- ----------------- --------------------------- ------------------------ ---------------------
     42 { "payload":"" }  2020-11-04 09:34:15.101000                      NULL NULL                 

2020-11-04 09:55:19:
USERID  TRAN_COUNT  BALANCE 
------- ----------- --------
     42         111    34446

2020-11-04 09:55:19:
USERID  PRODUCTID  ALLOCATED_UNITS  SESSIONID            LASTDATE                   
------- ---------- ---------------- -------------------- ---------------------------
     42          0               90                   52 2020-11-04 09:53:51.716000 
     42          0               52  3400221854449811459 2020-11-04 09:53:51.584000 
     42          1               64                   66 2020-11-04 09:54:15.988000 
     42          1               66  3400221879263313923 2020-11-04 09:53:54.542000 
     42          2               94  3400221944971264003 2020-11-04 09:54:02.375000 
     42          2                2  3400222522040401923 2020-11-04 09:55:11.167000 
     42          3               24                   70 2020-11-04 09:54:13.594000 
     42          3               70  3400221859415851011 2020-11-04 09:53:52.176000 
     42          4               81  3400221994958979075 2020-11-04 09:54:08.334000 

2020-11-04 09:55:19:
USER_TXN_ID                     TXN_TIME                    PRODUCTID  AMOUNT 
------------------------------- --------------------------- ---------- -------
Create_42                       2020-11-04 09:34:15.121000        NULL  100000
ReportQuotaUsage_1_21372_0_0    2020-11-04 09:53:51.584000           0       0
ReportQuotaUsage_2_23344_40_0   2020-11-04 09:53:51.716000           0       0
ReportQuotaUsage_3_30086_0_3    2020-11-04 09:53:52.176000           3       0
ReportQuotaUsage_4_64977_0_1    2020-11-04 09:53:54.542000           1       0
AddCreditAtInterval_5_132962_168 2020-11-04 09:53:59.187000        NULL     168
ReportQuotaUsage_6_178251_0_2   2020-11-04 09:54:02.375000           2       0
ReportQuotaUsage_7_265639_0_4   2020-11-04 09:54:08.334000           4       0
ReportQuotaUsage_8_337864_34_3  2020-11-04 09:54:13.594000           3  -11628
ReportQuotaUsage_9_371892_41_1  2020-11-04 09:54:15.988000           1     -41
AddCreditAtInterval_10_372624_153 2020-11-04 09:54:16.036000        NULL     153
ReportQuotaUsage_11_407625_41_2 2020-11-04 09:54:18.449000           2    -820
ReportQuotaUsage_12_417817_0_2  2020-11-04 09:54:19.140000           2       0
ReportQuotaUsage_13_442601_47_0 2020-11-04 09:54:20.963000           0       0
ReportQuotaUsage_14_578995_34_4 2020-11-04 09:54:32.106000           4    -102
AddCreditAtInterval_15_606349_355 2020-11-04 09:54:34.097000        NULL     355
ReportQuotaUsage_16_633338_0_2  2020-11-04 09:54:36.088000           2       0
ReportQuotaUsage_17_642002_0_2  2020-11-04 09:54:36.798000           2       0
ReportQuotaUsage_18_718262_43_1 2020-11-04 09:54:42.158000           1     -43
ReportQuotaUsage_19_728866_0_2  2020-11-04 09:54:42.879000           2       0
AddCreditAtInterval_20_1061278_304 2020-11-04 09:55:05.649000        NULL     304
ReportQuotaUsage_21_1141547_0_2 2020-11-04 09:55:11.167000           2       0

2020-11-04 09:55:19:
USERID  BALANCE 
------- --------
     42        5

2020-11-04 09:55:19:Show amount of credit currently reserved for products...
2020-11-04 09:55:19:
PRODUCTID  PRODUCTNAME                     ALLOCATED_UNITS  VALUE_AT_RISK 
---------- ------------------------------- ---------------- --------------
         0 Our Web Site                            11134212              0
         1 SMS messages                            10427994       10427994
         2 Domestic Internet Access per GB          8557697      171153940
         3 Roaming Internet Access per GB           5548228     1897493976
         4 Domestic calls per minute                9858765       29576295

2020-11-04 09:55:19:Show total credit held by system...
2020-11-04 09:55:19:
BALANCE    
-----------
 2139630831

2020-11-04 09:55:22:Transaction 1300001
2020-11-04 09:55:29:Query user #42...
2020-11-04 09:55:29:
USERID  USER_JSON_OBJECT  USER_LAST_SEEN              USER_SOFTLOCK_SESSIONID  USER_SOFTLOCK_EXPIRY 
------- ----------------- --------------------------- ------------------------ ---------------------
     42 { "payload":"" }  2020-11-04 09:34:15.101000                      NULL NULL                 

2020-11-04 09:55:29:
USERID  TRAN_COUNT  BALANCE 
------- ----------- --------
     42         112    34406

2020-11-04 09:55:29:
USERID  PRODUCTID  ALLOCATED_UNITS  SESSIONID            LASTDATE                   
------- ---------- ---------------- -------------------- ---------------------------
     42          0               90                   52 2020-11-04 09:53:51.716000 
     42          0               52  3400221854449811459 2020-11-04 09:53:51.584000 
     42          1               64                   66 2020-11-04 09:54:15.988000 
     42          1               66  3400221879263313923 2020-11-04 09:53:54.542000 
     42          2               94  3400221944971264003 2020-11-04 09:54:02.375000 
     42          2                2  3400222522040401923 2020-11-04 09:55:11.167000 
     42          3               24                   70 2020-11-04 09:54:13.594000 
     42          3               70  3400221859415851011 2020-11-04 09:53:52.176000 
     42          4               81  3400221994958979075 2020-11-04 09:54:08.334000 

2020-11-04 09:55:29:
USER_TXN_ID                     TXN_TIME                    PRODUCTID  AMOUNT 
------------------------------- --------------------------- ---------- -------
Create_42                       2020-11-04 09:34:15.121000        NULL  100000
ReportQuotaUsage_1_21372_0_0    2020-11-04 09:53:51.584000           0       0
ReportQuotaUsage_2_23344_40_0   2020-11-04 09:53:51.716000           0       0
ReportQuotaUsage_3_30086_0_3    2020-11-04 09:53:52.176000           3       0
ReportQuotaUsage_4_64977_0_1    2020-11-04 09:53:54.542000           1       0
AddCreditAtInterval_5_132962_168 2020-11-04 09:53:59.187000        NULL     168
ReportQuotaUsage_6_178251_0_2   2020-11-04 09:54:02.375000           2       0
ReportQuotaUsage_7_265639_0_4   2020-11-04 09:54:08.334000           4       0
ReportQuotaUsage_8_337864_34_3  2020-11-04 09:54:13.594000           3  -11628
ReportQuotaUsage_9_371892_41_1  2020-11-04 09:54:15.988000           1     -41
AddCreditAtInterval_10_372624_153 2020-11-04 09:54:16.036000        NULL     153
ReportQuotaUsage_11_407625_41_2 2020-11-04 09:54:18.449000           2    -820
ReportQuotaUsage_12_417817_0_2  2020-11-04 09:54:19.140000           2       0
ReportQuotaUsage_13_442601_47_0 2020-11-04 09:54:20.963000           0       0
ReportQuotaUsage_14_578995_34_4 2020-11-04 09:54:32.106000           4    -102
AddCreditAtInterval_15_606349_355 2020-11-04 09:54:34.097000        NULL     355
ReportQuotaUsage_16_633338_0_2  2020-11-04 09:54:36.088000           2       0
ReportQuotaUsage_17_642002_0_2  2020-11-04 09:54:36.798000           2       0
ReportQuotaUsage_18_718262_43_1 2020-11-04 09:54:42.158000           1     -43
ReportQuotaUsage_19_728866_0_2  2020-11-04 09:54:42.879000           2       0
AddCreditAtInterval_20_1061278_304 2020-11-04 09:55:05.649000        NULL     304
ReportQuotaUsage_21_1141547_0_2 2020-11-04 09:55:11.167000           2       0
ReportQuotaUsage_22_1287646_2_2 2020-11-04 09:55:21.305000           2     -40

2020-11-04 09:55:29:
USERID  BALANCE 
------- --------
     42      -35

2020-11-04 09:55:29:Show amount of credit currently reserved for products...
2020-11-04 09:55:29:
PRODUCTID  PRODUCTNAME                     ALLOCATED_UNITS  VALUE_AT_RISK 
---------- ------------------------------- ---------------- --------------
         0 Our Web Site                            11659307              0
         1 SMS messages                            10901146       10901146
         2 Domestic Internet Access per GB          8865610      177312200
         3 Roaming Internet Access per GB           5697903     1948682826
         4 Domestic calls per minute               10277508       30832524

2020-11-04 09:55:29:Show total credit held by system...
2020-11-04 09:55:29:
BALANCE    
-----------
 2093267663

2020-11-04 09:55:30:Transaction 1400001
2020-11-04 09:55:37:Transaction 1500001
2020-11-04 09:55:39:Query user #42...
2020-11-04 09:55:39:
USERID  USER_JSON_OBJECT  USER_LAST_SEEN              USER_SOFTLOCK_SESSIONID  USER_SOFTLOCK_EXPIRY 
------- ----------------- --------------------------- ------------------------ ---------------------
     42 { "payload":"" }  2020-11-04 09:34:15.101000                      NULL NULL                 

2020-11-04 09:55:39:
USERID  TRAN_COUNT  BALANCE 
------- ----------- --------
     42         112    34406

2020-11-04 09:55:39:
USERID  PRODUCTID  ALLOCATED_UNITS  SESSIONID            LASTDATE                   
------- ---------- ---------------- -------------------- ---------------------------
     42          0               90                   52 2020-11-04 09:53:51.716000 
     42          0               52  3400221854449811459 2020-11-04 09:53:51.584000 
     42          1               64                   66 2020-11-04 09:54:15.988000 
     42          1               66  3400221879263313923 2020-11-04 09:53:54.542000 
     42          2               94  3400221944971264003 2020-11-04 09:54:02.375000 
     42          2                2  3400222522040401923 2020-11-04 09:55:11.167000 
     42          3               24                   70 2020-11-04 09:54:13.594000 
     42          3               70  3400221859415851011 2020-11-04 09:53:52.176000 
     42          4               81  3400221994958979075 2020-11-04 09:54:08.334000 

2020-11-04 09:55:39:
USER_TXN_ID                     TXN_TIME                    PRODUCTID  AMOUNT 
------------------------------- --------------------------- ---------- -------
Create_42                       2020-11-04 09:34:15.121000        NULL  100000
ReportQuotaUsage_1_21372_0_0    2020-11-04 09:53:51.584000           0       0
ReportQuotaUsage_2_23344_40_0   2020-11-04 09:53:51.716000           0       0
ReportQuotaUsage_3_30086_0_3    2020-11-04 09:53:52.176000           3       0
ReportQuotaUsage_4_64977_0_1    2020-11-04 09:53:54.542000           1       0
AddCreditAtInterval_5_132962_168 2020-11-04 09:53:59.187000        NULL     168
ReportQuotaUsage_6_178251_0_2   2020-11-04 09:54:02.375000           2       0
ReportQuotaUsage_7_265639_0_4   2020-11-04 09:54:08.334000           4       0
ReportQuotaUsage_8_337864_34_3  2020-11-04 09:54:13.594000           3  -11628
ReportQuotaUsage_9_371892_41_1  2020-11-04 09:54:15.988000           1     -41
AddCreditAtInterval_10_372624_153 2020-11-04 09:54:16.036000        NULL     153
ReportQuotaUsage_11_407625_41_2 2020-11-04 09:54:18.449000           2    -820
ReportQuotaUsage_12_417817_0_2  2020-11-04 09:54:19.140000           2       0
ReportQuotaUsage_13_442601_47_0 2020-11-04 09:54:20.963000           0       0
ReportQuotaUsage_14_578995_34_4 2020-11-04 09:54:32.106000           4    -102
AddCreditAtInterval_15_606349_355 2020-11-04 09:54:34.097000        NULL     355
ReportQuotaUsage_16_633338_0_2  2020-11-04 09:54:36.088000           2       0
ReportQuotaUsage_17_642002_0_2  2020-11-04 09:54:36.798000           2       0
ReportQuotaUsage_18_718262_43_1 2020-11-04 09:54:42.158000           1     -43
ReportQuotaUsage_19_728866_0_2  2020-11-04 09:54:42.879000           2       0
AddCreditAtInterval_20_1061278_304 2020-11-04 09:55:05.649000        NULL     304
ReportQuotaUsage_21_1141547_0_2 2020-11-04 09:55:11.167000           2       0
ReportQuotaUsage_22_1287646_2_2 2020-11-04 09:55:21.305000           2     -40
ReportQuotaUsage_23_1424184_0_0 2020-11-04 09:55:32.434000           0       0
ReportQuotaUsage_24_1433917_0_1 2020-11-04 09:55:33.003000           1       0

2020-11-04 09:55:39:
USERID  BALANCE 
------- --------
     42      -35

2020-11-04 09:55:39:Show amount of credit currently reserved for products...
2020-11-04 09:55:39:
PRODUCTID  PRODUCTNAME                     ALLOCATED_UNITS  VALUE_AT_RISK 
---------- ------------------------------- ---------------- --------------
         0 Our Web Site                            12117741              0
         1 SMS messages                            11303112       11303112
         2 Domestic Internet Access per GB          9115913      182318260
         3 Roaming Internet Access per GB           5818214     1989829188
         4 Domestic calls per minute               10626974       31880922

2020-11-04 09:55:39:Show total credit held by system...
2020-11-04 09:55:39:
BALANCE    
-----------
 2052804051

2020-11-04 09:55:44:Transaction 1600001
2020-11-04 09:55:49:Query user #42...
2020-11-04 09:55:49:
USERID  USER_JSON_OBJECT  USER_LAST_SEEN              USER_SOFTLOCK_SESSIONID  USER_SOFTLOCK_EXPIRY 
------- ----------------- --------------------------- ------------------------ ---------------------
     42 { "payload":"" }  2020-11-04 09:34:15.101000                      NULL NULL                 

2020-11-04 09:55:49:
USERID  TRAN_COUNT  BALANCE 
------- ----------- --------
     42         113    34795

2020-11-04 09:55:49:
USERID  PRODUCTID  ALLOCATED_UNITS  SESSIONID            LASTDATE                   
------- ---------- ---------------- -------------------- ---------------------------
     42          0               90                   52 2020-11-04 09:53:51.716000 
     42          0               52  3400221854449811459 2020-11-04 09:53:51.584000 
     42          1               64                   66 2020-11-04 09:54:15.988000 
     42          1               66  3400221879263313923 2020-11-04 09:53:54.542000 
     42          2               94  3400221944971264003 2020-11-04 09:54:02.375000 
     42          2                2  3400222522040401923 2020-11-04 09:55:11.167000 
     42          3               24                   70 2020-11-04 09:54:13.594000 
     42          3               70  3400221859415851011 2020-11-04 09:53:52.176000 
     42          4               81  3400221994958979075 2020-11-04 09:54:08.334000 

2020-11-04 09:55:49:
USER_TXN_ID                     TXN_TIME                    PRODUCTID  AMOUNT 
------------------------------- --------------------------- ---------- -------
Create_42                       2020-11-04 09:34:15.121000        NULL  100000
ReportQuotaUsage_1_21372_0_0    2020-11-04 09:53:51.584000           0       0
ReportQuotaUsage_2_23344_40_0   2020-11-04 09:53:51.716000           0       0
ReportQuotaUsage_3_30086_0_3    2020-11-04 09:53:52.176000           3       0
ReportQuotaUsage_4_64977_0_1    2020-11-04 09:53:54.542000           1       0
AddCreditAtInterval_5_132962_168 2020-11-04 09:53:59.187000        NULL     168
ReportQuotaUsage_6_178251_0_2   2020-11-04 09:54:02.375000           2       0
ReportQuotaUsage_7_265639_0_4   2020-11-04 09:54:08.334000           4       0
ReportQuotaUsage_8_337864_34_3  2020-11-04 09:54:13.594000           3  -11628
ReportQuotaUsage_9_371892_41_1  2020-11-04 09:54:15.988000           1     -41
AddCreditAtInterval_10_372624_153 2020-11-04 09:54:16.036000        NULL     153
ReportQuotaUsage_11_407625_41_2 2020-11-04 09:54:18.449000           2    -820
ReportQuotaUsage_12_417817_0_2  2020-11-04 09:54:19.140000           2       0
ReportQuotaUsage_13_442601_47_0 2020-11-04 09:54:20.963000           0       0
ReportQuotaUsage_14_578995_34_4 2020-11-04 09:54:32.106000           4    -102
AddCreditAtInterval_15_606349_355 2020-11-04 09:54:34.097000        NULL     355
ReportQuotaUsage_16_633338_0_2  2020-11-04 09:54:36.088000           2       0
ReportQuotaUsage_17_642002_0_2  2020-11-04 09:54:36.798000           2       0
ReportQuotaUsage_18_718262_43_1 2020-11-04 09:54:42.158000           1     -43
ReportQuotaUsage_19_728866_0_2  2020-11-04 09:54:42.879000           2       0
AddCreditAtInterval_20_1061278_304 2020-11-04 09:55:05.649000        NULL     304
ReportQuotaUsage_21_1141547_0_2 2020-11-04 09:55:11.167000           2       0
ReportQuotaUsage_22_1287646_2_2 2020-11-04 09:55:21.305000           2     -40
ReportQuotaUsage_23_1424184_0_0 2020-11-04 09:55:32.434000           0       0
ReportQuotaUsage_24_1433917_0_1 2020-11-04 09:55:33.003000           1       0
AddCreditAtInterval_25_1653195_389 2020-11-04 09:55:48.698000        NULL     389

2020-11-04 09:55:49:
USERID  BALANCE 
------- --------
     42      354

2020-11-04 09:55:49:Show amount of credit currently reserved for products...
2020-11-04 09:55:49:
PRODUCTID  PRODUCTNAME                     ALLOCATED_UNITS  VALUE_AT_RISK 
---------- ------------------------------- ---------------- --------------
         0 Our Web Site                            12563512              0
         1 SMS messages                            11673368       11673368
         2 Domestic Internet Access per GB          9334433      186688660
         3 Roaming Internet Access per GB           5927712     2027277504
         4 Domestic calls per minute               10953957       32861871

2020-11-04 09:55:49:Show total credit held by system...
2020-11-04 09:55:49:
BALANCE    
-----------
 2016133296

2020-11-04 09:55:51:Transaction 1700001
2020-11-04 09:55:59:Transaction 1800001
2020-11-04 09:55:59:Query user #42...
2020-11-04 09:55:59:
USERID  USER_JSON_OBJECT  USER_LAST_SEEN              USER_SOFTLOCK_SESSIONID  USER_SOFTLOCK_EXPIRY 
------- ----------------- --------------------------- ------------------------ ---------------------
     42 { "payload":"" }  2020-11-04 09:34:15.101000                      NULL NULL                 

2020-11-04 09:55:59:
USERID  TRAN_COUNT  BALANCE 
------- ----------- --------
     42         114    34782

2020-11-04 09:55:59:
USERID  PRODUCTID  ALLOCATED_UNITS  SESSIONID            LASTDATE                   
------- ---------- ---------------- -------------------- ---------------------------
     42          0               90                   52 2020-11-04 09:53:51.716000 
     42          0               52  3400221854449811459 2020-11-04 09:53:51.584000 
     42          1               87                   52 2020-11-04 09:55:57.935000 
     42          1               64                   66 2020-11-04 09:54:15.988000 
     42          1               66  3400221879263313923 2020-11-04 09:53:54.542000 
     42          1               52  3400222896676569091 2020-11-04 09:55:55.827000 
     42          2               94  3400221944971264003 2020-11-04 09:54:02.375000 
     42          2                2  3400222522040401923 2020-11-04 09:55:11.167000 
     42          3               24                   70 2020-11-04 09:54:13.594000 
     42          3               70  3400221859415851011 2020-11-04 09:53:52.176000 
     42          4               81  3400221994958979075 2020-11-04 09:54:08.334000 
     42          4               50  3400222856972402691 2020-11-04 09:55:51.094000 

2020-11-04 09:55:59:
USER_TXN_ID                     TXN_TIME                    PRODUCTID  AMOUNT 
------------------------------- --------------------------- ---------- -------
Create_42                       2020-11-04 09:34:15.121000        NULL  100000
ReportQuotaUsage_1_21372_0_0    2020-11-04 09:53:51.584000           0       0
ReportQuotaUsage_2_23344_40_0   2020-11-04 09:53:51.716000           0       0
ReportQuotaUsage_3_30086_0_3    2020-11-04 09:53:52.176000           3       0
ReportQuotaUsage_4_64977_0_1    2020-11-04 09:53:54.542000           1       0
AddCreditAtInterval_5_132962_168 2020-11-04 09:53:59.187000        NULL     168
ReportQuotaUsage_6_178251_0_2   2020-11-04 09:54:02.375000           2       0
ReportQuotaUsage_7_265639_0_4   2020-11-04 09:54:08.334000           4       0
ReportQuotaUsage_8_337864_34_3  2020-11-04 09:54:13.594000           3  -11628
ReportQuotaUsage_9_371892_41_1  2020-11-04 09:54:15.988000           1     -41
AddCreditAtInterval_10_372624_153 2020-11-04 09:54:16.036000        NULL     153
ReportQuotaUsage_11_407625_41_2 2020-11-04 09:54:18.449000           2    -820
ReportQuotaUsage_12_417817_0_2  2020-11-04 09:54:19.140000           2       0
ReportQuotaUsage_13_442601_47_0 2020-11-04 09:54:20.963000           0       0
ReportQuotaUsage_14_578995_34_4 2020-11-04 09:54:32.106000           4    -102
AddCreditAtInterval_15_606349_355 2020-11-04 09:54:34.097000        NULL     355
ReportQuotaUsage_16_633338_0_2  2020-11-04 09:54:36.088000           2       0
ReportQuotaUsage_17_642002_0_2  2020-11-04 09:54:36.798000           2       0
ReportQuotaUsage_18_718262_43_1 2020-11-04 09:54:42.158000           1     -43
ReportQuotaUsage_19_728866_0_2  2020-11-04 09:54:42.879000           2       0
AddCreditAtInterval_20_1061278_304 2020-11-04 09:55:05.649000        NULL     304
ReportQuotaUsage_21_1141547_0_2 2020-11-04 09:55:11.167000           2       0
ReportQuotaUsage_22_1287646_2_2 2020-11-04 09:55:21.305000           2     -40
ReportQuotaUsage_23_1424184_0_0 2020-11-04 09:55:32.434000           0       0
ReportQuotaUsage_24_1433917_0_1 2020-11-04 09:55:33.003000           1       0
AddCreditAtInterval_25_1653195_389 2020-11-04 09:55:48.698000        NULL     389
ReportQuotaUsage_26_1688438_0_4 2020-11-04 09:55:51.094000           4       0
ReportQuotaUsage_27_1754673_0_1 2020-11-04 09:55:55.827000           1       0
ReportQuotaUsage_28_1784342_13_1 2020-11-04 09:55:57.935000           1     -13

2020-11-04 09:55:59:
USERID  BALANCE 
------- --------
     42       52

2020-11-04 09:55:59:Show amount of credit currently reserved for products...
2020-11-04 09:55:59:
PRODUCTID  PRODUCTNAME                     ALLOCATED_UNITS  VALUE_AT_RISK 
---------- ------------------------------- ---------------- --------------
         0 Our Web Site                            12941831              0
         1 SMS messages                            11983824       11983824
         2 Domestic Internet Access per GB          9525214      190504280
         3 Roaming Internet Access per GB           6008736     2054987712
         4 Domestic calls per minute               11231610       33694830

2020-11-04 09:55:59:Show total credit held by system...
2020-11-04 09:55:59:
BALANCE    
-----------
 1984087836

2020-11-04 09:56:06:Transaction 1900001
2020-11-04 09:56:09:Query user #42...
2020-11-04 09:56:09:
USERID  USER_JSON_OBJECT  USER_LAST_SEEN              USER_SOFTLOCK_SESSIONID  USER_SOFTLOCK_EXPIRY 
------- ----------------- --------------------------- ------------------------ ---------------------
     42 { "payload":"" }  2020-11-04 09:34:15.101000                      NULL NULL                 

2020-11-04 09:56:09:
USERID  TRAN_COUNT  BALANCE 
------- ----------- --------
     42         114    34782

2020-11-04 09:56:09:
USERID  PRODUCTID  ALLOCATED_UNITS  SESSIONID            LASTDATE                   
------- ---------- ---------------- -------------------- ---------------------------
     42          0               90                   52 2020-11-04 09:53:51.716000 
     42          0               52  3400221854449811459 2020-11-04 09:53:51.584000 
     42          1               87                   52 2020-11-04 09:55:57.935000 
     42          1               64                   66 2020-11-04 09:54:15.988000 
     42          1               66  3400221879263313923 2020-11-04 09:53:54.542000 
     42          1               52  3400222896676569091 2020-11-04 09:55:55.827000 
     42          2               94  3400221944971264003 2020-11-04 09:54:02.375000 
     42          2                2  3400222522040401923 2020-11-04 09:55:11.167000 
     42          3               24                   70 2020-11-04 09:54:13.594000 
     42          3               70  3400221859415851011 2020-11-04 09:53:52.176000 
     42          4               81  3400221994958979075 2020-11-04 09:54:08.334000 
     42          4               50  3400222856972402691 2020-11-04 09:55:51.094000 

2020-11-04 09:56:09:
USER_TXN_ID                     TXN_TIME                    PRODUCTID  AMOUNT 
------------------------------- --------------------------- ---------- -------
Create_42                       2020-11-04 09:34:15.121000        NULL  100000
ReportQuotaUsage_1_21372_0_0    2020-11-04 09:53:51.584000           0       0
ReportQuotaUsage_2_23344_40_0   2020-11-04 09:53:51.716000           0       0
ReportQuotaUsage_3_30086_0_3    2020-11-04 09:53:52.176000           3       0
ReportQuotaUsage_4_64977_0_1    2020-11-04 09:53:54.542000           1       0
AddCreditAtInterval_5_132962_168 2020-11-04 09:53:59.187000        NULL     168
ReportQuotaUsage_6_178251_0_2   2020-11-04 09:54:02.375000           2       0
ReportQuotaUsage_7_265639_0_4   2020-11-04 09:54:08.334000           4       0
ReportQuotaUsage_8_337864_34_3  2020-11-04 09:54:13.594000           3  -11628
ReportQuotaUsage_9_371892_41_1  2020-11-04 09:54:15.988000           1     -41
AddCreditAtInterval_10_372624_153 2020-11-04 09:54:16.036000        NULL     153
ReportQuotaUsage_11_407625_41_2 2020-11-04 09:54:18.449000           2    -820
ReportQuotaUsage_12_417817_0_2  2020-11-04 09:54:19.140000           2       0
ReportQuotaUsage_13_442601_47_0 2020-11-04 09:54:20.963000           0       0
ReportQuotaUsage_14_578995_34_4 2020-11-04 09:54:32.106000           4    -102
AddCreditAtInterval_15_606349_355 2020-11-04 09:54:34.097000        NULL     355
ReportQuotaUsage_16_633338_0_2  2020-11-04 09:54:36.088000           2       0
ReportQuotaUsage_17_642002_0_2  2020-11-04 09:54:36.798000           2       0
ReportQuotaUsage_18_718262_43_1 2020-11-04 09:54:42.158000           1     -43
ReportQuotaUsage_19_728866_0_2  2020-11-04 09:54:42.879000           2       0
AddCreditAtInterval_20_1061278_304 2020-11-04 09:55:05.649000        NULL     304
ReportQuotaUsage_21_1141547_0_2 2020-11-04 09:55:11.167000           2       0
ReportQuotaUsage_22_1287646_2_2 2020-11-04 09:55:21.305000           2     -40
ReportQuotaUsage_23_1424184_0_0 2020-11-04 09:55:32.434000           0       0
ReportQuotaUsage_24_1433917_0_1 2020-11-04 09:55:33.003000           1       0
AddCreditAtInterval_25_1653195_389 2020-11-04 09:55:48.698000        NULL     389
ReportQuotaUsage_26_1688438_0_4 2020-11-04 09:55:51.094000           4       0
ReportQuotaUsage_27_1754673_0_1 2020-11-04 09:55:55.827000           1       0
ReportQuotaUsage_28_1784342_13_1 2020-11-04 09:55:57.935000           1     -13

2020-11-04 09:56:09:
USERID  BALANCE 
------- --------
     42       52

2020-11-04 09:56:09:Show amount of credit currently reserved for products...
2020-11-04 09:56:09:
PRODUCTID  PRODUCTNAME                     ALLOCATED_UNITS  VALUE_AT_RISK 
---------- ------------------------------- ---------------- --------------
         0 Our Web Site                            13268174              0
         1 SMS messages                            12259637       12259637
         2 Domestic Internet Access per GB          9669830      193396600
         3 Roaming Internet Access per GB           6069910     2075909220
         4 Domestic calls per minute               11454594       34363782

2020-11-04 09:56:09:Show total credit held by system...
2020-11-04 09:56:09:
BALANCE    
-----------
 1958529706

2020-11-04 09:56:13:Transaction 2000001
2020-11-04 09:56:19:Query user #42...
2020-11-04 09:56:19:
USERID  USER_JSON_OBJECT  USER_LAST_SEEN              USER_SOFTLOCK_SESSIONID  USER_SOFTLOCK_EXPIRY 
------- ----------------- --------------------------- ------------------------ ---------------------
     42 { "payload":"" }  2020-11-04 09:34:15.101000                      NULL NULL                 

2020-11-04 09:56:19:
USERID  TRAN_COUNT  BALANCE 
------- ----------- --------
     42         115    34781

2020-11-04 09:56:19:
USERID  PRODUCTID  ALLOCATED_UNITS  SESSIONID            LASTDATE                   
------- ---------- ---------------- -------------------- ---------------------------
     42          0               90                   52 2020-11-04 09:53:51.716000 
     42          0               52  3400221854449811459 2020-11-04 09:53:51.584000 
     42          1               87                   52 2020-11-04 09:55:57.935000 
     42          1               64                   66 2020-11-04 09:54:15.988000 
     42          1               51                   87 2020-11-04 09:56:10.112000 
     42          1               66  3400221879263313923 2020-11-04 09:53:54.542000 
     42          1               52  3400222896676569091 2020-11-04 09:55:55.827000 
     42          2               94  3400221944971264003 2020-11-04 09:54:02.375000 
     42          2                2  3400222522040401923 2020-11-04 09:55:11.167000 
     42          3               24                   70 2020-11-04 09:54:13.594000 
     42          3               70  3400221859415851011 2020-11-04 09:53:52.176000 
     42          4               81  3400221994958979075 2020-11-04 09:54:08.334000 
     42          4               50  3400222856972402691 2020-11-04 09:55:51.094000 

2020-11-04 09:56:19:
USER_TXN_ID                     TXN_TIME                    PRODUCTID  AMOUNT 
------------------------------- --------------------------- ---------- -------
Create_42                       2020-11-04 09:34:15.121000        NULL  100000
ReportQuotaUsage_1_21372_0_0    2020-11-04 09:53:51.584000           0       0
ReportQuotaUsage_2_23344_40_0   2020-11-04 09:53:51.716000           0       0
ReportQuotaUsage_3_30086_0_3    2020-11-04 09:53:52.176000           3       0
ReportQuotaUsage_4_64977_0_1    2020-11-04 09:53:54.542000           1       0
AddCreditAtInterval_5_132962_168 2020-11-04 09:53:59.187000        NULL     168
ReportQuotaUsage_6_178251_0_2   2020-11-04 09:54:02.375000           2       0
ReportQuotaUsage_7_265639_0_4   2020-11-04 09:54:08.334000           4       0
ReportQuotaUsage_8_337864_34_3  2020-11-04 09:54:13.594000           3  -11628
ReportQuotaUsage_9_371892_41_1  2020-11-04 09:54:15.988000           1     -41
AddCreditAtInterval_10_372624_153 2020-11-04 09:54:16.036000        NULL     153
ReportQuotaUsage_11_407625_41_2 2020-11-04 09:54:18.449000           2    -820
ReportQuotaUsage_12_417817_0_2  2020-11-04 09:54:19.140000           2       0
ReportQuotaUsage_13_442601_47_0 2020-11-04 09:54:20.963000           0       0
ReportQuotaUsage_14_578995_34_4 2020-11-04 09:54:32.106000           4    -102
AddCreditAtInterval_15_606349_355 2020-11-04 09:54:34.097000        NULL     355
ReportQuotaUsage_16_633338_0_2  2020-11-04 09:54:36.088000           2       0
ReportQuotaUsage_17_642002_0_2  2020-11-04 09:54:36.798000           2       0
ReportQuotaUsage_18_718262_43_1 2020-11-04 09:54:42.158000           1     -43
ReportQuotaUsage_19_728866_0_2  2020-11-04 09:54:42.879000           2       0
AddCreditAtInterval_20_1061278_304 2020-11-04 09:55:05.649000        NULL     304
ReportQuotaUsage_21_1141547_0_2 2020-11-04 09:55:11.167000           2       0
ReportQuotaUsage_22_1287646_2_2 2020-11-04 09:55:21.305000           2     -40
ReportQuotaUsage_23_1424184_0_0 2020-11-04 09:55:32.434000           0       0
ReportQuotaUsage_24_1433917_0_1 2020-11-04 09:55:33.003000           1       0
AddCreditAtInterval_25_1653195_389 2020-11-04 09:55:48.698000        NULL     389
ReportQuotaUsage_26_1688438_0_4 2020-11-04 09:55:51.094000           4       0
ReportQuotaUsage_27_1754673_0_1 2020-11-04 09:55:55.827000           1       0
ReportQuotaUsage_28_1784342_13_1 2020-11-04 09:55:57.935000           1     -13
ReportQuotaUsage_29_1954257_1_1 2020-11-04 09:56:10.112000           1      -1

2020-11-04 09:56:19:
USERID  BALANCE 
------- --------
     42        0

2020-11-04 09:56:19:Show amount of credit currently reserved for products...
2020-11-04 09:56:19:
PRODUCTID  PRODUCTNAME                     ALLOCATED_UNITS  VALUE_AT_RISK 
---------- ------------------------------- ---------------- --------------
         0 Our Web Site                            13558023              0
         1 SMS messages                            12497314       12497314
         2 Domestic Internet Access per GB          9794198      195883960
         3 Roaming Internet Access per GB           6125039     2094763338
         4 Domestic calls per minute               11655963       34967889

2020-11-04 09:56:19:Show total credit held by system...
2020-11-04 09:56:19:
BALANCE    
-----------
 1936098289

2020-11-04 09:56:20:Transaction 2100001
2020-11-04 09:56:28:Transaction 2200001
2020-11-04 09:56:29:Query user #42...
2020-11-04 09:56:29:
USERID  USER_JSON_OBJECT  USER_LAST_SEEN              USER_SOFTLOCK_SESSIONID  USER_SOFTLOCK_EXPIRY 
------- ----------------- --------------------------- ------------------------ ---------------------
     42 { "payload":"" }  2020-11-04 09:34:15.101000                      NULL NULL                 

2020-11-04 09:56:29:
USERID  TRAN_COUNT  BALANCE 
------- ----------- --------
     42         115    34781

2020-11-04 09:56:29:
USERID  PRODUCTID  ALLOCATED_UNITS  SESSIONID            LASTDATE                   
------- ---------- ---------------- -------------------- ---------------------------
     42          0               90                   52 2020-11-04 09:53:51.716000 
     42          0               52  3400221854449811459 2020-11-04 09:53:51.584000 
     42          1               87                   52 2020-11-04 09:55:57.935000 
     42          1               64                   66 2020-11-04 09:54:15.988000 
     42          1               51                   87 2020-11-04 09:56:10.112000 
     42          1               66  3400221879263313923 2020-11-04 09:53:54.542000 
     42          1               52  3400222896676569091 2020-11-04 09:55:55.827000 
     42          2               94  3400221944971264003 2020-11-04 09:54:02.375000 
     42          2                2  3400222522040401923 2020-11-04 09:55:11.167000 
     42          3               24                   70 2020-11-04 09:54:13.594000 
     42          3               70  3400221859415851011 2020-11-04 09:53:52.176000 
     42          4               81  3400221994958979075 2020-11-04 09:54:08.334000 
     42          4               50  3400222856972402691 2020-11-04 09:55:51.094000 

2020-11-04 09:56:29:
USER_TXN_ID                     TXN_TIME                    PRODUCTID  AMOUNT 
------------------------------- --------------------------- ---------- -------
Create_42                       2020-11-04 09:34:15.121000        NULL  100000
ReportQuotaUsage_1_21372_0_0    2020-11-04 09:53:51.584000           0       0
ReportQuotaUsage_2_23344_40_0   2020-11-04 09:53:51.716000           0       0
ReportQuotaUsage_3_30086_0_3    2020-11-04 09:53:52.176000           3       0
ReportQuotaUsage_4_64977_0_1    2020-11-04 09:53:54.542000           1       0
AddCreditAtInterval_5_132962_168 2020-11-04 09:53:59.187000        NULL     168
ReportQuotaUsage_6_178251_0_2   2020-11-04 09:54:02.375000           2       0
ReportQuotaUsage_7_265639_0_4   2020-11-04 09:54:08.334000           4       0
ReportQuotaUsage_8_337864_34_3  2020-11-04 09:54:13.594000           3  -11628
ReportQuotaUsage_9_371892_41_1  2020-11-04 09:54:15.988000           1     -41
AddCreditAtInterval_10_372624_153 2020-11-04 09:54:16.036000        NULL     153
ReportQuotaUsage_11_407625_41_2 2020-11-04 09:54:18.449000           2    -820
ReportQuotaUsage_12_417817_0_2  2020-11-04 09:54:19.140000           2       0
ReportQuotaUsage_13_442601_47_0 2020-11-04 09:54:20.963000           0       0
ReportQuotaUsage_14_578995_34_4 2020-11-04 09:54:32.106000           4    -102
AddCreditAtInterval_15_606349_355 2020-11-04 09:54:34.097000        NULL     355
ReportQuotaUsage_16_633338_0_2  2020-11-04 09:54:36.088000           2       0
ReportQuotaUsage_17_642002_0_2  2020-11-04 09:54:36.798000           2       0
ReportQuotaUsage_18_718262_43_1 2020-11-04 09:54:42.158000           1     -43
ReportQuotaUsage_19_728866_0_2  2020-11-04 09:54:42.879000           2       0
AddCreditAtInterval_20_1061278_304 2020-11-04 09:55:05.649000        NULL     304
ReportQuotaUsage_21_1141547_0_2 2020-11-04 09:55:11.167000           2       0
ReportQuotaUsage_22_1287646_2_2 2020-11-04 09:55:21.305000           2     -40
ReportQuotaUsage_23_1424184_0_0 2020-11-04 09:55:32.434000           0       0
ReportQuotaUsage_24_1433917_0_1 2020-11-04 09:55:33.003000           1       0
AddCreditAtInterval_25_1653195_389 2020-11-04 09:55:48.698000        NULL     389
ReportQuotaUsage_26_1688438_0_4 2020-11-04 09:55:51.094000           4       0
ReportQuotaUsage_27_1754673_0_1 2020-11-04 09:55:55.827000           1       0
ReportQuotaUsage_28_1784342_13_1 2020-11-04 09:55:57.935000           1     -13
ReportQuotaUsage_29_1954257_1_1 2020-11-04 09:56:10.112000           1      -1

2020-11-04 09:56:29:
USERID  BALANCE 
------- --------
     42        0

2020-11-04 09:56:29:Show amount of credit currently reserved for products...
2020-11-04 09:56:29:
PRODUCTID  PRODUCTNAME                     ALLOCATED_UNITS  VALUE_AT_RISK 
---------- ------------------------------- ---------------- --------------
         0 Our Web Site                            13792760              0
         1 SMS messages                            12684186       12684186
         2 Domestic Internet Access per GB          9885674      197713480
         3 Roaming Internet Access per GB           6162505     2107576710
         4 Domestic calls per minute               11806085       35418255

2020-11-04 09:56:29:Show total credit held by system...
2020-11-04 09:56:29:
BALANCE    
-----------
 1919815670

2020-11-04 09:56:35:Transaction 2300001
2020-11-04 09:56:39:Query user #42...
2020-11-04 09:56:39:
USERID  USER_JSON_OBJECT  USER_LAST_SEEN              USER_SOFTLOCK_SESSIONID  USER_SOFTLOCK_EXPIRY 
------- ----------------- --------------------------- ------------------------ ---------------------
     42 { "payload":"" }  2020-11-04 09:34:15.101000                      NULL NULL                 

2020-11-04 09:56:39:
USERID  TRAN_COUNT  BALANCE 
------- ----------- --------
     42         116    34896

2020-11-04 09:56:39:
USERID  PRODUCTID  ALLOCATED_UNITS  SESSIONID            LASTDATE                   
------- ---------- ---------------- -------------------- ---------------------------
     42          0               90                   52 2020-11-04 09:53:51.716000 
     42          0               52  3400221854449811459 2020-11-04 09:53:51.584000 
     42          1               87                   52 2020-11-04 09:55:57.935000 
     42          1               64                   66 2020-11-04 09:54:15.988000 
     42          1               51                   87 2020-11-04 09:56:10.112000 
     42          1               66  3400221879263313923 2020-11-04 09:53:54.542000 
     42          1               52  3400222896676569091 2020-11-04 09:55:55.827000 
     42          2               94  3400221944971264003 2020-11-04 09:54:02.375000 
     42          2                2  3400222522040401923 2020-11-04 09:55:11.167000 
     42          3               24                   70 2020-11-04 09:54:13.594000 
     42          3               70  3400221859415851011 2020-11-04 09:53:52.176000 
     42          4               81  3400221994958979075 2020-11-04 09:54:08.334000 
     42          4               50  3400222856972402691 2020-11-04 09:55:51.094000 

2020-11-04 09:56:39:
USER_TXN_ID                     TXN_TIME                    PRODUCTID  AMOUNT 
------------------------------- --------------------------- ---------- -------
Create_42                       2020-11-04 09:34:15.121000        NULL  100000
ReportQuotaUsage_1_21372_0_0    2020-11-04 09:53:51.584000           0       0
ReportQuotaUsage_2_23344_40_0   2020-11-04 09:53:51.716000           0       0
ReportQuotaUsage_3_30086_0_3    2020-11-04 09:53:52.176000           3       0
ReportQuotaUsage_4_64977_0_1    2020-11-04 09:53:54.542000           1       0
AddCreditAtInterval_5_132962_168 2020-11-04 09:53:59.187000        NULL     168
ReportQuotaUsage_6_178251_0_2   2020-11-04 09:54:02.375000           2       0
ReportQuotaUsage_7_265639_0_4   2020-11-04 09:54:08.334000           4       0
ReportQuotaUsage_8_337864_34_3  2020-11-04 09:54:13.594000           3  -11628
ReportQuotaUsage_9_371892_41_1  2020-11-04 09:54:15.988000           1     -41
AddCreditAtInterval_10_372624_153 2020-11-04 09:54:16.036000        NULL     153
ReportQuotaUsage_11_407625_41_2 2020-11-04 09:54:18.449000           2    -820
ReportQuotaUsage_12_417817_0_2  2020-11-04 09:54:19.140000           2       0
ReportQuotaUsage_13_442601_47_0 2020-11-04 09:54:20.963000           0       0
ReportQuotaUsage_14_578995_34_4 2020-11-04 09:54:32.106000           4    -102
AddCreditAtInterval_15_606349_355 2020-11-04 09:54:34.097000        NULL     355
ReportQuotaUsage_16_633338_0_2  2020-11-04 09:54:36.088000           2       0
ReportQuotaUsage_17_642002_0_2  2020-11-04 09:54:36.798000           2       0
ReportQuotaUsage_18_718262_43_1 2020-11-04 09:54:42.158000           1     -43
ReportQuotaUsage_19_728866_0_2  2020-11-04 09:54:42.879000           2       0
AddCreditAtInterval_20_1061278_304 2020-11-04 09:55:05.649000        NULL     304
ReportQuotaUsage_21_1141547_0_2 2020-11-04 09:55:11.167000           2       0
ReportQuotaUsage_22_1287646_2_2 2020-11-04 09:55:21.305000           2     -40
ReportQuotaUsage_23_1424184_0_0 2020-11-04 09:55:32.434000           0       0
ReportQuotaUsage_24_1433917_0_1 2020-11-04 09:55:33.003000           1       0
AddCreditAtInterval_25_1653195_389 2020-11-04 09:55:48.698000        NULL     389
ReportQuotaUsage_26_1688438_0_4 2020-11-04 09:55:51.094000           4       0
ReportQuotaUsage_27_1754673_0_1 2020-11-04 09:55:55.827000           1       0
ReportQuotaUsage_28_1784342_13_1 2020-11-04 09:55:57.935000           1     -13
ReportQuotaUsage_29_1954257_1_1 2020-11-04 09:56:10.112000           1      -1
AddCreditAtInterval_30_2319936_115 2020-11-04 09:56:37.290000        NULL     115

2020-11-04 09:56:39:
USERID  BALANCE 
------- --------
     42      115

2020-11-04 09:56:39:Show amount of credit currently reserved for products...
2020-11-04 09:56:39:
PRODUCTID  PRODUCTNAME                     ALLOCATED_UNITS  VALUE_AT_RISK 
---------- ------------------------------- ---------------- --------------
         0 Our Web Site                            13999877              0
         1 SMS messages                            12846964       12846964
         2 Domestic Internet Access per GB          9961613      199232260
         3 Roaming Internet Access per GB           6192224     2117740608
         4 Domestic calls per minute               11934671       35804013

2020-11-04 09:56:39:Show total credit held by system...
2020-11-04 09:56:39:
BALANCE    
-----------
 1906158210

2020-11-04 09:56:43:Transaction 2400001
2020-11-04 09:56:49:2489086 transactions done...
2020-11-04 09:56:49:All entries in queue, waiting for it to drain...
2020-11-04 09:56:49:Queue drained...
2020-11-04 09:56:49:processed 13 entries per ms while doing transactions...
2020-11-04 09:56:49:7982 events where a tx was in flgiht were observed
2020-11-04 09:56:49:Waiting 10 seconds - if we are using XDCR we need to wait for remote transactions to reach us
2020-11-04 09:56:59:GREPABLE SUMMARY:16:13:33:154:249:0:0:0:7:49:49:3:16:27:3:5:27:
2020-11-04 09:56:59:Closing connection...
2020-11-04 09:56:59:Stats Histogram:
2020-11-04 09:56:59:{AddCredit=AddCredit 
 Reports=          457951 Average=              34, Total=      15,370,162, 50%=             156, 95%=             249, 99%=             249, 99.5%=             249, 99.95%=             249, Max=             249
0	32109.0	AddCredit
1	155383.0	AddCredit
2	48552.0	AddCredit
3	19346.0	AddCredit
4	12687.0	AddCredit
5	9632.0	AddCredit
6	8117.0	AddCredit
7	6843.0	AddCredit
8	5808.0	AddCredit
9	5046.0	AddCredit
10	4540.0	AddCredit
11	4115.0	AddCredit
12	3727.0	AddCredit
13	3450.0	AddCredit
14	3107.0	AddCredit
15	2624.0	AddCredit
16	1998.0	AddCredit
17	1657.0	AddCredit
18	1508.0	AddCredit
19	1318.0	AddCredit
20	1282.0	AddCredit
21	1175.0	AddCredit
22	1130.0	AddCredit
23	1208.0	AddCredit
24	1094.0	AddCredit
25	1107.0	AddCredit
26	1110.0	AddCredit
27	1057.0	AddCredit
28	1034.0	AddCredit
29	1027.0	AddCredit
30	987.0	AddCredit
31	934.0	AddCredit
32	978.0	AddCredit
33	997.0	AddCredit
34	973.0	AddCredit
35	957.0	AddCredit
36	911.0	AddCredit
37	929.0	AddCredit
38	931.0	AddCredit
39	911.0	AddCredit
40	879.0	AddCredit
41	900.0	AddCredit
42	951.0	AddCredit
43	965.0	AddCredit
44	899.0	AddCredit
45	914.0	AddCredit
46	960.0	AddCredit
47	854.0	AddCredit
48	948.0	AddCredit
49	870.0	AddCredit
50	883.0	AddCredit
51	885.0	AddCredit
52	884.0	AddCredit
53	912.0	AddCredit
54	830.0	AddCredit
55	877.0	AddCredit
56	782.0	AddCredit
57	857.0	AddCredit
58	793.0	AddCredit
59	894.0	AddCredit
60	772.0	AddCredit
61	897.0	AddCredit
62	878.0	AddCredit
63	821.0	AddCredit
64	783.0	AddCredit
65	830.0	AddCredit
66	727.0	AddCredit
67	716.0	AddCredit
68	747.0	AddCredit
69	768.0	AddCredit
70	683.0	AddCredit
71	766.0	AddCredit
72	768.0	AddCredit
73	701.0	AddCredit
74	773.0	AddCredit
75	774.0	AddCredit
76	729.0	AddCredit
77	740.0	AddCredit
78	742.0	AddCredit
79	693.0	AddCredit
80	698.0	AddCredit
81	657.0	AddCredit
82	654.0	AddCredit
83	720.0	AddCredit
84	723.0	AddCredit
85	620.0	AddCredit
86	727.0	AddCredit
87	654.0	AddCredit
88	614.0	AddCredit
89	632.0	AddCredit
90	645.0	AddCredit
91	616.0	AddCredit
92	594.0	AddCredit
93	593.0	AddCredit
94	561.0	AddCredit
95	578.0	AddCredit
96	592.0	AddCredit
97	569.0	AddCredit
98	546.0	AddCredit
99	567.0	AddCredit
100	527.0	AddCredit
101	562.0	AddCredit
102	539.0	AddCredit
103	545.0	AddCredit
104	504.0	AddCredit
105	490.0	AddCredit
106	494.0	AddCredit
107	529.0	AddCredit
108	495.0	AddCredit
109	514.0	AddCredit
110	516.0	AddCredit
111	485.0	AddCredit
112	473.0	AddCredit
113	462.0	AddCredit
114	443.0	AddCredit
115	454.0	AddCredit
116	424.0	AddCredit
117	399.0	AddCredit
118	475.0	AddCredit
119	480.0	AddCredit
120	453.0	AddCredit
121	421.0	AddCredit
122	439.0	AddCredit
123	422.0	AddCredit
124	377.0	AddCredit
125	433.0	AddCredit
126	410.0	AddCredit
127	430.0	AddCredit
128	420.0	AddCredit
129	396.0	AddCredit
130	377.0	AddCredit
131	388.0	AddCredit
132	388.0	AddCredit
133	413.0	AddCredit
134	385.0	AddCredit
135	432.0	AddCredit
136	382.0	AddCredit
137	433.0	AddCredit
138	392.0	AddCredit
139	362.0	AddCredit
140	433.0	AddCredit
141	373.0	AddCredit
142	406.0	AddCredit
143	416.0	AddCredit
144	369.0	AddCredit
145	375.0	AddCredit
146	405.0	AddCredit
147	333.0	AddCredit
148	372.0	AddCredit
149	407.0	AddCredit
150	349.0	AddCredit
151	352.0	AddCredit
152	342.0	AddCredit
153	372.0	AddCredit
154	405.0	AddCredit
155	360.0	AddCredit
156	371.0	AddCredit
157	352.0	AddCredit
158	327.0	AddCredit
159	323.0	AddCredit
160	320.0	AddCredit
161	329.0	AddCredit
162	298.0	AddCredit
163	340.0	AddCredit
164	330.0	AddCredit
165	336.0	AddCredit
166	342.0	AddCredit
167	312.0	AddCredit
168	311.0	AddCredit
169	325.0	AddCredit
170	336.0	AddCredit
171	300.0	AddCredit
172	338.0	AddCredit
173	346.0	AddCredit
174	342.0	AddCredit
175	311.0	AddCredit
176	323.0	AddCredit
177	329.0	AddCredit
178	316.0	AddCredit
179	272.0	AddCredit
180	322.0	AddCredit
181	277.0	AddCredit
182	335.0	AddCredit
183	310.0	AddCredit
184	287.0	AddCredit
185	281.0	AddCredit
186	297.0	AddCredit
187	294.0	AddCredit
188	298.0	AddCredit
189	285.0	AddCredit
190	291.0	AddCredit
191	290.0	AddCredit
192	283.0	AddCredit
193	270.0	AddCredit
194	248.0	AddCredit
195	276.0	AddCredit
196	226.0	AddCredit
197	248.0	AddCredit
198	239.0	AddCredit
199	256.0	AddCredit
200	247.0	AddCredit
201	231.0	AddCredit
202	210.0	AddCredit
203	249.0	AddCredit
204	235.0	AddCredit
205	227.0	AddCredit
206	247.0	AddCredit
207	212.0	AddCredit
208	213.0	AddCredit
209	217.0	AddCredit
210	241.0	AddCredit
211	241.0	AddCredit
212	229.0	AddCredit
213	212.0	AddCredit
214	243.0	AddCredit
215	224.0	AddCredit
216	213.0	AddCredit
217	219.0	AddCredit
218	205.0	AddCredit
219	216.0	AddCredit
220	241.0	AddCredit
221	221.0	AddCredit
222	224.0	AddCredit
223	213.0	AddCredit
224	228.0	AddCredit
225	179.0	AddCredit
226	182.0	AddCredit
227	216.0	AddCredit
228	179.0	AddCredit
229	185.0	AddCredit
230	208.0	AddCredit
231	193.0	AddCredit
232	178.0	AddCredit
233	208.0	AddCredit
234	200.0	AddCredit
235	209.0	AddCredit
236	191.0	AddCredit
237	193.0	AddCredit
238	198.0	AddCredit
239	181.0	AddCredit
240	194.0	AddCredit
241	194.0	AddCredit
242	188.0	AddCredit
243	174.0	AddCredit
244	197.0	AddCredit
245	187.0	AddCredit
246	181.0	AddCredit
247	176.0	AddCredit
248	179.0	AddCredit
>= 249	12345.0	AddCredit
, UpdateSession= 
 Reports=               0 Average=             NaN, Total=               0, 50%=               0, 95%=               0, 99%=               0, 99.5%=               0, 99.95%=               0, Max=               0
, showCurrentAllocations=showCurrentAllocations 
 Reports=              18 Average=               4, Total=              65, 50%=              16, 95%=              27, 99%=              27, 99.5%=              27, 99.95%=              27, Max=              27
1	11.0	
2	4.0	
3	1.0	
16	1.0	
27	1.0	
, ReportQuotaUsage=ReportQuotaUsage 
 Reports=         1538867 Average=              33, Total=      51,380,313, 50%=             154, 95%=             249, 99%=             249, 99.5%=             249, 99.95%=             249, Max=             249
0	79505.0	
1	524562.0	
2	185385.0	
3	69236.0	
4	43934.0	
5	32944.0	
6	27029.0	
7	23163.0	
8	19321.0	
9	16930.0	
10	14825.0	
11	13639.0	
12	12339.0	
13	11538.0	
14	9957.0	
15	8638.0	
16	6692.0	
17	5733.0	
18	4865.0	
19	4406.0	
20	4292.0	
21	3939.0	
22	3943.0	
23	3885.0	
24	3807.0	
25	3581.0	
26	3606.0	
27	3499.0	
28	3362.0	
29	3413.0	
30	3346.0	
31	3287.0	
32	3275.0	
33	3347.0	
34	3243.0	
35	3202.0	
36	3036.0	
37	3164.0	
38	3115.0	
39	3105.0	
40	2961.0	
41	3038.0	
42	3014.0	
43	3123.0	
44	2998.0	
45	2937.0	
46	3121.0	
47	2954.0	
48	3089.0	
49	3120.0	
50	3079.0	
51	3109.0	
52	2886.0	
53	2995.0	
54	2815.0	
55	2885.0	
56	2860.0	
57	2911.0	
58	2754.0	
59	2908.0	
60	2619.0	
61	2830.0	
62	2734.0	
63	2676.0	
64	2712.0	
65	2627.0	
66	2693.0	
67	2541.0	
68	2571.0	
69	2596.0	
70	2581.0	
71	2492.0	
72	2603.0	
73	2534.0	
74	2485.0	
75	2458.0	
76	2520.0	
77	2445.0	
78	2477.0	
79	2361.0	
80	2453.0	
81	2302.0	
82	2328.0	
83	2339.0	
84	2205.0	
85	2172.0	
86	2334.0	
87	2166.0	
88	2186.0	
89	2145.0	
90	2108.0	
91	2082.0	
92	2067.0	
93	2087.0	
94	1977.0	
95	2009.0	
96	1837.0	
97	1913.0	
98	1951.0	
99	1875.0	
100	1894.0	
101	1962.0	
102	1847.0	
103	1795.0	
104	1744.0	
105	1791.0	
106	1675.0	
107	1807.0	
108	1663.0	
109	1677.0	
110	1625.0	
111	1589.0	
112	1614.0	
113	1633.0	
114	1549.0	
115	1575.0	
116	1478.0	
117	1504.0	
118	1532.0	
119	1584.0	
120	1427.0	
121	1497.0	
122	1511.0	
123	1453.0	
124	1413.0	
125	1422.0	
126	1375.0	
127	1387.0	
128	1439.0	
129	1372.0	
130	1377.0	
131	1410.0	
132	1407.0	
133	1307.0	
134	1340.0	
135	1294.0	
136	1389.0	
137	1402.0	
138	1398.0	
139	1297.0	
140	1438.0	
141	1323.0	
142	1367.0	
143	1343.0	
144	1320.0	
145	1376.0	
146	1338.0	
147	1343.0	
148	1262.0	
149	1267.0	
150	1227.0	
151	1218.0	
152	1282.0	
153	1246.0	
154	1232.0	
155	1164.0	
156	1197.0	
157	1144.0	
158	1144.0	
159	1153.0	
160	1155.0	
161	1077.0	
162	1151.0	
163	1204.0	
164	1122.0	
165	1177.0	
166	1137.0	
167	1128.0	
168	1184.0	
169	1127.0	
170	1046.0	
171	1024.0	
172	1140.0	
173	1114.0	
174	1048.0	
175	1108.0	
176	1049.0	
177	1108.0	
178	1100.0	
179	998.0	
180	1028.0	
181	1028.0	
182	1018.0	
183	953.0	
184	991.0	
185	966.0	
186	950.0	
187	928.0	
188	966.0	
189	1002.0	
190	939.0	
191	898.0	
192	844.0	
193	883.0	
194	842.0	
195	869.0	
196	767.0	
197	842.0	
198	773.0	
199	880.0	
200	801.0	
201	822.0	
202	787.0	
203	756.0	
204	802.0	
205	732.0	
206	837.0	
207	781.0	
208	735.0	
209	779.0	
210	759.0	
211	847.0	
212	801.0	
213	674.0	
214	750.0	
215	717.0	
216	705.0	
217	738.0	
218	667.0	
219	718.0	
220	725.0	
221	700.0	
222	666.0	
223	652.0	
224	699.0	
225	653.0	
226	673.0	
227	730.0	
228	638.0	
229	654.0	
230	684.0	
231	676.0	
232	601.0	
233	694.0	
234	579.0	
235	737.0	
236	645.0	
237	671.0	
238	692.0	
239	609.0	
240	657.0	
241	636.0	
242	572.0	
243	643.0	
244	616.0	
245	579.0	
246	638.0	
247	587.0	
248	594.0	
>= 249	39620.0	
, getTotalBalance=getTotalBalance 
 Reports=              18 Average=               3, Total=              55, 50%=               5, 95%=              27, 99%=              27, 99.5%=              27, 99.95%=              27, Max=              27
0	1.0	
1	10.0	
2	3.0	
3	1.0	
4	1.0	
5	1.0	
27	1.0	
, GetUser=GetUser 
 Reports=              18 Average=               8, Total=             139, 50%=              49, 95%=              49, 99%=              49, 99.5%=              49, 99.95%=              49, Max=              10
0	3.0	
1	6.0	
2	2.0	
3	2.0	
5	1.0	
10	2.0	
>= 49	2.0	
}
{}
{}
